[2020-06-05 03:33:31,811] {logging_mixin.py:112} INFO - Sending to executor.
[2020-06-05 03:33:31,813] {logging_mixin.py:112} INFO - [2020-06-05 03:33:31,813] {base_executor.py:58} INFO - Adding to queue: ['airflow', 'run', 'example_bash_operator', 'runme_0', '2017-07-01T00:00:00+00:00', '--local', '--pool', 'default_pool', '-sd', '/Library/Frameworks/Python.framework/Versions/3.8/lib/python3.8/site-packages/airflow/example_dags/example_bash_operator.py']
[2020-06-05 03:33:31,814] {logging_mixin.py:112} INFO - [2020-06-05 03:33:31,813] {sequential_executor.py:45} INFO - Executing command: ['airflow', 'run', 'example_bash_operator', 'runme_0', '2017-07-01T00:00:00+00:00', '--local', '--pool', 'default_pool', '-sd', '/Library/Frameworks/Python.framework/Versions/3.8/lib/python3.8/site-packages/airflow/example_dags/example_bash_operator.py']
[2020-06-05 03:33:34,105] {taskinstance.py:669} INFO - Dependencies all met for <TaskInstance: example_bash_operator.runme_0 2017-07-01T00:00:00+00:00 [None]>
[2020-06-05 03:33:34,120] {taskinstance.py:669} INFO - Dependencies all met for <TaskInstance: example_bash_operator.runme_0 2017-07-01T00:00:00+00:00 [None]>
[2020-06-05 03:33:34,120] {taskinstance.py:879} INFO - 
--------------------------------------------------------------------------------
[2020-06-05 03:33:34,120] {taskinstance.py:880} INFO - Starting attempt 1 of 1
[2020-06-05 03:33:34,120] {taskinstance.py:881} INFO - 
--------------------------------------------------------------------------------
[2020-06-05 03:33:34,131] {taskinstance.py:900} INFO - Executing <Task(BashOperator): runme_0> on 2017-07-01T00:00:00+00:00
[2020-06-05 03:33:34,133] {standard_task_runner.py:53} INFO - Started process 22468 to run task
[2020-06-05 03:33:34,242] {logging_mixin.py:112} INFO - Running %s on host %s <TaskInstance: example_bash_operator.runme_0 2017-07-01T00:00:00+00:00 [running]> Viraats-MacBook-Air.local
[2020-06-05 03:33:34,285] {bash_operator.py:82} INFO - Tmp dir root location: 
 /var/folders/jk/bwh6mk3d71s4w_mb373dxcsr0000gn/T
[2020-06-05 03:33:34,287] {bash_operator.py:103} INFO - Temporary script location: /var/folders/jk/bwh6mk3d71s4w_mb373dxcsr0000gn/T/airflowtmps0oukmlm/runme_0c6qc8cz_
[2020-06-05 03:33:34,288] {bash_operator.py:115} INFO - Running command: echo "example_bash_operator__runme_0__20170701" && sleep 1
[2020-06-05 03:33:34,296] {bash_operator.py:122} INFO - Output:
[2020-06-05 03:33:34,309] {bash_operator.py:126} INFO - example_bash_operator__runme_0__20170701
[2020-06-05 03:33:35,312] {bash_operator.py:128} INFO - Command exited with return code 0
[2020-06-05 03:33:35,324] {taskinstance.py:1052} INFO - Marking task as SUCCESS.dag_id=example_bash_operator, task_id=runme_0, execution_date=20170701T000000, start_date=20200605T073334, end_date=20200605T073335
[2020-06-05 03:33:44,090] {logging_mixin.py:112} INFO - [2020-06-05 03:33:44,089] {local_task_job.py:103} INFO - Task exited with return code 0
