[2020-06-17 21:49:06,713] {scheduler_job.py:154} INFO - Started process (PID=61168) to work on /Users/owner/airflow/dags/tutorial.py
[2020-06-17 21:49:06,725] {scheduler_job.py:1562} INFO - Processing file /Users/owner/airflow/dags/tutorial.py for tasks to queue
[2020-06-17 21:49:06,727] {logging_mixin.py:112} INFO - [2020-06-17 21:49:06,727] {dagbag.py:396} INFO - Filling up the DagBag from /Users/owner/airflow/dags/tutorial.py
[2020-06-17 21:49:06,742] {scheduler_job.py:1574} INFO - DAG(s) dict_keys(['tutorial']) retrieved from /Users/owner/airflow/dags/tutorial.py
[2020-06-17 21:49:06,812] {scheduler_job.py:162} INFO - Processing /Users/owner/airflow/dags/tutorial.py took 0.099 seconds
[2020-06-18 00:37:00,407] {scheduler_job.py:154} INFO - Started process (PID=63653) to work on /Users/owner/airflow/dags/tutorial.py
[2020-06-18 00:37:00,416] {scheduler_job.py:1562} INFO - Processing file /Users/owner/airflow/dags/tutorial.py for tasks to queue
[2020-06-18 00:37:00,417] {logging_mixin.py:112} INFO - [2020-06-18 00:37:00,417] {dagbag.py:396} INFO - Filling up the DagBag from /Users/owner/airflow/dags/tutorial.py
[2020-06-18 00:37:00,426] {scheduler_job.py:1574} INFO - DAG(s) dict_keys(['tutorial']) retrieved from /Users/owner/airflow/dags/tutorial.py
[2020-06-18 00:37:00,455] {scheduler_job.py:162} INFO - Processing /Users/owner/airflow/dags/tutorial.py took 0.048 seconds
[2020-06-18 00:37:52,570] {scheduler_job.py:154} INFO - Started process (PID=63711) to work on /Users/owner/airflow/dags/tutorial.py
[2020-06-18 00:37:52,585] {scheduler_job.py:1562} INFO - Processing file /Users/owner/airflow/dags/tutorial.py for tasks to queue
[2020-06-18 00:37:52,588] {logging_mixin.py:112} INFO - [2020-06-18 00:37:52,586] {dagbag.py:396} INFO - Filling up the DagBag from /Users/owner/airflow/dags/tutorial.py
[2020-06-18 00:37:52,607] {scheduler_job.py:1574} INFO - DAG(s) dict_keys(['tutorial']) retrieved from /Users/owner/airflow/dags/tutorial.py
[2020-06-18 00:37:52,664] {scheduler_job.py:162} INFO - Processing /Users/owner/airflow/dags/tutorial.py took 0.094 seconds
[2020-06-18 00:38:54,897] {scheduler_job.py:154} INFO - Started process (PID=63775) to work on /Users/owner/airflow/dags/tutorial.py
[2020-06-18 00:38:54,907] {scheduler_job.py:1562} INFO - Processing file /Users/owner/airflow/dags/tutorial.py for tasks to queue
[2020-06-18 00:38:54,909] {logging_mixin.py:112} INFO - [2020-06-18 00:38:54,908] {dagbag.py:396} INFO - Filling up the DagBag from /Users/owner/airflow/dags/tutorial.py
[2020-06-18 00:38:54,918] {scheduler_job.py:1574} INFO - DAG(s) dict_keys(['tutorial']) retrieved from /Users/owner/airflow/dags/tutorial.py
[2020-06-18 00:38:54,948] {scheduler_job.py:162} INFO - Processing /Users/owner/airflow/dags/tutorial.py took 0.052 seconds
[2020-06-18 00:40:37,701] {scheduler_job.py:154} INFO - Started process (PID=63888) to work on /Users/owner/airflow/dags/tutorial.py
[2020-06-18 00:40:37,713] {scheduler_job.py:1562} INFO - Processing file /Users/owner/airflow/dags/tutorial.py for tasks to queue
[2020-06-18 00:40:37,714] {logging_mixin.py:112} INFO - [2020-06-18 00:40:37,714] {dagbag.py:396} INFO - Filling up the DagBag from /Users/owner/airflow/dags/tutorial.py
[2020-06-18 00:40:37,726] {scheduler_job.py:1574} INFO - DAG(s) dict_keys(['tutorial']) retrieved from /Users/owner/airflow/dags/tutorial.py
[2020-06-18 00:40:37,759] {scheduler_job.py:162} INFO - Processing /Users/owner/airflow/dags/tutorial.py took 0.058 seconds
[2020-06-18 00:41:29,858] {scheduler_job.py:154} INFO - Started process (PID=63934) to work on /Users/owner/airflow/dags/tutorial.py
[2020-06-18 00:41:29,871] {scheduler_job.py:1562} INFO - Processing file /Users/owner/airflow/dags/tutorial.py for tasks to queue
[2020-06-18 00:41:29,875] {logging_mixin.py:112} INFO - [2020-06-18 00:41:29,873] {dagbag.py:396} INFO - Filling up the DagBag from /Users/owner/airflow/dags/tutorial.py
[2020-06-18 00:41:29,891] {scheduler_job.py:1574} INFO - DAG(s) dict_keys(['tutorial']) retrieved from /Users/owner/airflow/dags/tutorial.py
[2020-06-18 00:41:30,018] {scheduler_job.py:162} INFO - Processing /Users/owner/airflow/dags/tutorial.py took 0.160 seconds
[2020-06-18 00:42:35,815] {scheduler_job.py:154} INFO - Started process (PID=63991) to work on /Users/owner/airflow/dags/tutorial.py
[2020-06-18 00:42:35,833] {scheduler_job.py:1562} INFO - Processing file /Users/owner/airflow/dags/tutorial.py for tasks to queue
[2020-06-18 00:42:35,834] {logging_mixin.py:112} INFO - [2020-06-18 00:42:35,834] {dagbag.py:396} INFO - Filling up the DagBag from /Users/owner/airflow/dags/tutorial.py
[2020-06-18 00:42:35,844] {scheduler_job.py:1574} INFO - DAG(s) dict_keys(['tutorial']) retrieved from /Users/owner/airflow/dags/tutorial.py
[2020-06-18 00:42:35,883] {scheduler_job.py:162} INFO - Processing /Users/owner/airflow/dags/tutorial.py took 0.067 seconds
[2020-06-18 00:43:40,663] {scheduler_job.py:154} INFO - Started process (PID=64052) to work on /Users/owner/airflow/dags/tutorial.py
[2020-06-18 00:43:40,679] {scheduler_job.py:1562} INFO - Processing file /Users/owner/airflow/dags/tutorial.py for tasks to queue
[2020-06-18 00:43:40,681] {logging_mixin.py:112} INFO - [2020-06-18 00:43:40,680] {dagbag.py:396} INFO - Filling up the DagBag from /Users/owner/airflow/dags/tutorial.py
[2020-06-18 00:43:40,689] {scheduler_job.py:1574} INFO - DAG(s) dict_keys(['tutorial']) retrieved from /Users/owner/airflow/dags/tutorial.py
[2020-06-18 00:43:40,720] {scheduler_job.py:162} INFO - Processing /Users/owner/airflow/dags/tutorial.py took 0.058 seconds
[2020-06-18 00:44:32,818] {scheduler_job.py:154} INFO - Started process (PID=64106) to work on /Users/owner/airflow/dags/tutorial.py
[2020-06-18 00:44:32,828] {scheduler_job.py:1562} INFO - Processing file /Users/owner/airflow/dags/tutorial.py for tasks to queue
[2020-06-18 00:44:32,829] {logging_mixin.py:112} INFO - [2020-06-18 00:44:32,829] {dagbag.py:396} INFO - Filling up the DagBag from /Users/owner/airflow/dags/tutorial.py
[2020-06-18 00:44:32,838] {scheduler_job.py:1574} INFO - DAG(s) dict_keys(['tutorial']) retrieved from /Users/owner/airflow/dags/tutorial.py
[2020-06-18 00:44:32,868] {scheduler_job.py:162} INFO - Processing /Users/owner/airflow/dags/tutorial.py took 0.051 seconds
[2020-06-18 00:45:24,938] {scheduler_job.py:154} INFO - Started process (PID=64169) to work on /Users/owner/airflow/dags/tutorial.py
[2020-06-18 00:45:24,950] {scheduler_job.py:1562} INFO - Processing file /Users/owner/airflow/dags/tutorial.py for tasks to queue
[2020-06-18 00:45:24,952] {logging_mixin.py:112} INFO - [2020-06-18 00:45:24,951] {dagbag.py:396} INFO - Filling up the DagBag from /Users/owner/airflow/dags/tutorial.py
[2020-06-18 00:45:24,963] {scheduler_job.py:1574} INFO - DAG(s) dict_keys(['tutorial']) retrieved from /Users/owner/airflow/dags/tutorial.py
[2020-06-18 00:45:24,990] {scheduler_job.py:162} INFO - Processing /Users/owner/airflow/dags/tutorial.py took 0.052 seconds
[2020-06-18 00:46:31,591] {scheduler_job.py:154} INFO - Started process (PID=64252) to work on /Users/owner/airflow/dags/tutorial.py
[2020-06-18 00:46:31,606] {scheduler_job.py:1562} INFO - Processing file /Users/owner/airflow/dags/tutorial.py for tasks to queue
[2020-06-18 00:46:31,609] {logging_mixin.py:112} INFO - [2020-06-18 00:46:31,608] {dagbag.py:396} INFO - Filling up the DagBag from /Users/owner/airflow/dags/tutorial.py
[2020-06-18 00:46:31,623] {scheduler_job.py:1574} INFO - DAG(s) dict_keys(['tutorial']) retrieved from /Users/owner/airflow/dags/tutorial.py
[2020-06-18 00:46:31,672] {scheduler_job.py:162} INFO - Processing /Users/owner/airflow/dags/tutorial.py took 0.081 seconds
[2020-06-18 00:47:50,609] {scheduler_job.py:154} INFO - Started process (PID=64362) to work on /Users/owner/airflow/dags/tutorial.py
[2020-06-18 00:47:50,624] {scheduler_job.py:1562} INFO - Processing file /Users/owner/airflow/dags/tutorial.py for tasks to queue
[2020-06-18 00:47:50,626] {logging_mixin.py:112} INFO - [2020-06-18 00:47:50,626] {dagbag.py:396} INFO - Filling up the DagBag from /Users/owner/airflow/dags/tutorial.py
[2020-06-18 00:47:50,641] {scheduler_job.py:1574} INFO - DAG(s) dict_keys(['tutorial']) retrieved from /Users/owner/airflow/dags/tutorial.py
[2020-06-18 00:47:50,673] {scheduler_job.py:162} INFO - Processing /Users/owner/airflow/dags/tutorial.py took 0.065 seconds
[2020-06-18 00:48:56,735] {scheduler_job.py:154} INFO - Started process (PID=64440) to work on /Users/owner/airflow/dags/tutorial.py
[2020-06-18 00:48:56,747] {scheduler_job.py:1562} INFO - Processing file /Users/owner/airflow/dags/tutorial.py for tasks to queue
[2020-06-18 00:48:56,748] {logging_mixin.py:112} INFO - [2020-06-18 00:48:56,748] {dagbag.py:396} INFO - Filling up the DagBag from /Users/owner/airflow/dags/tutorial.py
[2020-06-18 00:48:56,760] {scheduler_job.py:1574} INFO - DAG(s) dict_keys(['tutorial']) retrieved from /Users/owner/airflow/dags/tutorial.py
[2020-06-18 00:48:56,790] {scheduler_job.py:162} INFO - Processing /Users/owner/airflow/dags/tutorial.py took 0.054 seconds
[2020-06-18 00:49:48,909] {scheduler_job.py:154} INFO - Started process (PID=64494) to work on /Users/owner/airflow/dags/tutorial.py
[2020-06-18 00:49:48,918] {scheduler_job.py:1562} INFO - Processing file /Users/owner/airflow/dags/tutorial.py for tasks to queue
[2020-06-18 00:49:48,920] {logging_mixin.py:112} INFO - [2020-06-18 00:49:48,919] {dagbag.py:396} INFO - Filling up the DagBag from /Users/owner/airflow/dags/tutorial.py
[2020-06-18 00:49:48,931] {scheduler_job.py:1574} INFO - DAG(s) dict_keys(['tutorial']) retrieved from /Users/owner/airflow/dags/tutorial.py
[2020-06-18 00:49:48,963] {scheduler_job.py:162} INFO - Processing /Users/owner/airflow/dags/tutorial.py took 0.055 seconds
[2020-06-18 00:50:41,007] {scheduler_job.py:154} INFO - Started process (PID=64542) to work on /Users/owner/airflow/dags/tutorial.py
[2020-06-18 00:50:41,015] {scheduler_job.py:1562} INFO - Processing file /Users/owner/airflow/dags/tutorial.py for tasks to queue
[2020-06-18 00:50:41,017] {logging_mixin.py:112} INFO - [2020-06-18 00:50:41,017] {dagbag.py:396} INFO - Filling up the DagBag from /Users/owner/airflow/dags/tutorial.py
[2020-06-18 00:50:41,028] {scheduler_job.py:1574} INFO - DAG(s) dict_keys(['tutorial']) retrieved from /Users/owner/airflow/dags/tutorial.py
[2020-06-18 00:50:41,061] {scheduler_job.py:162} INFO - Processing /Users/owner/airflow/dags/tutorial.py took 0.055 seconds
[2020-06-18 00:51:33,152] {scheduler_job.py:154} INFO - Started process (PID=64583) to work on /Users/owner/airflow/dags/tutorial.py
[2020-06-18 00:51:33,160] {scheduler_job.py:1562} INFO - Processing file /Users/owner/airflow/dags/tutorial.py for tasks to queue
[2020-06-18 00:51:33,162] {logging_mixin.py:112} INFO - [2020-06-18 00:51:33,161] {dagbag.py:396} INFO - Filling up the DagBag from /Users/owner/airflow/dags/tutorial.py
[2020-06-18 00:51:33,172] {scheduler_job.py:1574} INFO - DAG(s) dict_keys(['tutorial']) retrieved from /Users/owner/airflow/dags/tutorial.py
[2020-06-18 00:51:33,212] {scheduler_job.py:162} INFO - Processing /Users/owner/airflow/dags/tutorial.py took 0.060 seconds
[2020-06-18 00:52:25,311] {scheduler_job.py:154} INFO - Started process (PID=64622) to work on /Users/owner/airflow/dags/tutorial.py
[2020-06-18 00:52:25,324] {scheduler_job.py:1562} INFO - Processing file /Users/owner/airflow/dags/tutorial.py for tasks to queue
[2020-06-18 00:52:25,325] {logging_mixin.py:112} INFO - [2020-06-18 00:52:25,325] {dagbag.py:396} INFO - Filling up the DagBag from /Users/owner/airflow/dags/tutorial.py
[2020-06-18 00:52:25,342] {scheduler_job.py:1574} INFO - DAG(s) dict_keys(['tutorial']) retrieved from /Users/owner/airflow/dags/tutorial.py
[2020-06-18 00:52:25,384] {scheduler_job.py:162} INFO - Processing /Users/owner/airflow/dags/tutorial.py took 0.073 seconds
[2020-06-18 00:53:17,481] {scheduler_job.py:154} INFO - Started process (PID=64659) to work on /Users/owner/airflow/dags/tutorial.py
[2020-06-18 00:53:17,492] {scheduler_job.py:1562} INFO - Processing file /Users/owner/airflow/dags/tutorial.py for tasks to queue
[2020-06-18 00:53:17,495] {logging_mixin.py:112} INFO - [2020-06-18 00:53:17,494] {dagbag.py:396} INFO - Filling up the DagBag from /Users/owner/airflow/dags/tutorial.py
[2020-06-18 00:53:17,506] {scheduler_job.py:1574} INFO - DAG(s) dict_keys(['tutorial']) retrieved from /Users/owner/airflow/dags/tutorial.py
[2020-06-18 00:53:17,545] {scheduler_job.py:162} INFO - Processing /Users/owner/airflow/dags/tutorial.py took 0.064 seconds
[2020-06-18 00:54:40,947] {scheduler_job.py:154} INFO - Started process (PID=64712) to work on /Users/owner/airflow/dags/tutorial.py
[2020-06-18 00:54:40,957] {scheduler_job.py:1562} INFO - Processing file /Users/owner/airflow/dags/tutorial.py for tasks to queue
[2020-06-18 00:54:40,959] {logging_mixin.py:112} INFO - [2020-06-18 00:54:40,958] {dagbag.py:396} INFO - Filling up the DagBag from /Users/owner/airflow/dags/tutorial.py
[2020-06-18 00:54:40,968] {scheduler_job.py:1574} INFO - DAG(s) dict_keys(['tutorial']) retrieved from /Users/owner/airflow/dags/tutorial.py
[2020-06-18 00:54:40,997] {scheduler_job.py:162} INFO - Processing /Users/owner/airflow/dags/tutorial.py took 0.050 seconds
[2020-06-18 00:55:33,073] {scheduler_job.py:154} INFO - Started process (PID=64749) to work on /Users/owner/airflow/dags/tutorial.py
[2020-06-18 00:55:33,083] {scheduler_job.py:1562} INFO - Processing file /Users/owner/airflow/dags/tutorial.py for tasks to queue
[2020-06-18 00:55:33,085] {logging_mixin.py:112} INFO - [2020-06-18 00:55:33,084] {dagbag.py:396} INFO - Filling up the DagBag from /Users/owner/airflow/dags/tutorial.py
[2020-06-18 00:55:33,096] {scheduler_job.py:1574} INFO - DAG(s) dict_keys(['tutorial']) retrieved from /Users/owner/airflow/dags/tutorial.py
[2020-06-18 00:55:33,127] {scheduler_job.py:162} INFO - Processing /Users/owner/airflow/dags/tutorial.py took 0.054 seconds
[2020-06-18 00:56:46,622] {scheduler_job.py:154} INFO - Started process (PID=64839) to work on /Users/owner/airflow/dags/tutorial.py
[2020-06-18 00:56:46,638] {scheduler_job.py:1562} INFO - Processing file /Users/owner/airflow/dags/tutorial.py for tasks to queue
[2020-06-18 00:56:46,640] {logging_mixin.py:112} INFO - [2020-06-18 00:56:46,639] {dagbag.py:396} INFO - Filling up the DagBag from /Users/owner/airflow/dags/tutorial.py
[2020-06-18 00:56:46,670] {scheduler_job.py:1574} INFO - DAG(s) dict_keys(['tutorial']) retrieved from /Users/owner/airflow/dags/tutorial.py
[2020-06-18 00:56:46,708] {scheduler_job.py:162} INFO - Processing /Users/owner/airflow/dags/tutorial.py took 0.086 seconds
[2020-06-18 00:57:38,748] {scheduler_job.py:154} INFO - Started process (PID=64878) to work on /Users/owner/airflow/dags/tutorial.py
[2020-06-18 00:57:38,756] {scheduler_job.py:1562} INFO - Processing file /Users/owner/airflow/dags/tutorial.py for tasks to queue
[2020-06-18 00:57:38,757] {logging_mixin.py:112} INFO - [2020-06-18 00:57:38,757] {dagbag.py:396} INFO - Filling up the DagBag from /Users/owner/airflow/dags/tutorial.py
[2020-06-18 00:57:38,766] {scheduler_job.py:1574} INFO - DAG(s) dict_keys(['tutorial']) retrieved from /Users/owner/airflow/dags/tutorial.py
[2020-06-18 00:57:38,793] {scheduler_job.py:162} INFO - Processing /Users/owner/airflow/dags/tutorial.py took 0.045 seconds
[2020-06-18 00:58:30,866] {scheduler_job.py:154} INFO - Started process (PID=64919) to work on /Users/owner/airflow/dags/tutorial.py
[2020-06-18 00:58:30,877] {scheduler_job.py:1562} INFO - Processing file /Users/owner/airflow/dags/tutorial.py for tasks to queue
[2020-06-18 00:58:30,878] {logging_mixin.py:112} INFO - [2020-06-18 00:58:30,878] {dagbag.py:396} INFO - Filling up the DagBag from /Users/owner/airflow/dags/tutorial.py
[2020-06-18 00:58:30,887] {scheduler_job.py:1574} INFO - DAG(s) dict_keys(['tutorial']) retrieved from /Users/owner/airflow/dags/tutorial.py
[2020-06-18 00:58:30,914] {scheduler_job.py:162} INFO - Processing /Users/owner/airflow/dags/tutorial.py took 0.048 seconds
[2020-06-18 00:59:22,984] {scheduler_job.py:154} INFO - Started process (PID=64957) to work on /Users/owner/airflow/dags/tutorial.py
[2020-06-18 00:59:22,998] {scheduler_job.py:1562} INFO - Processing file /Users/owner/airflow/dags/tutorial.py for tasks to queue
[2020-06-18 00:59:23,000] {logging_mixin.py:112} INFO - [2020-06-18 00:59:22,999] {dagbag.py:396} INFO - Filling up the DagBag from /Users/owner/airflow/dags/tutorial.py
[2020-06-18 00:59:23,012] {scheduler_job.py:1574} INFO - DAG(s) dict_keys(['tutorial']) retrieved from /Users/owner/airflow/dags/tutorial.py
[2020-06-18 00:59:23,048] {scheduler_job.py:162} INFO - Processing /Users/owner/airflow/dags/tutorial.py took 0.064 seconds
[2020-06-18 01:00:15,120] {scheduler_job.py:154} INFO - Started process (PID=64995) to work on /Users/owner/airflow/dags/tutorial.py
[2020-06-18 01:00:15,142] {scheduler_job.py:1562} INFO - Processing file /Users/owner/airflow/dags/tutorial.py for tasks to queue
[2020-06-18 01:00:15,144] {logging_mixin.py:112} INFO - [2020-06-18 01:00:15,143] {dagbag.py:396} INFO - Filling up the DagBag from /Users/owner/airflow/dags/tutorial.py
[2020-06-18 01:00:15,153] {scheduler_job.py:1574} INFO - DAG(s) dict_keys(['tutorial']) retrieved from /Users/owner/airflow/dags/tutorial.py
[2020-06-18 01:00:15,182] {scheduler_job.py:162} INFO - Processing /Users/owner/airflow/dags/tutorial.py took 0.062 seconds
[2020-06-18 01:01:07,275] {scheduler_job.py:154} INFO - Started process (PID=65035) to work on /Users/owner/airflow/dags/tutorial.py
[2020-06-18 01:01:07,284] {scheduler_job.py:1562} INFO - Processing file /Users/owner/airflow/dags/tutorial.py for tasks to queue
[2020-06-18 01:01:07,286] {logging_mixin.py:112} INFO - [2020-06-18 01:01:07,285] {dagbag.py:396} INFO - Filling up the DagBag from /Users/owner/airflow/dags/tutorial.py
[2020-06-18 01:01:07,297] {scheduler_job.py:1574} INFO - DAG(s) dict_keys(['tutorial']) retrieved from /Users/owner/airflow/dags/tutorial.py
[2020-06-18 01:01:07,329] {scheduler_job.py:162} INFO - Processing /Users/owner/airflow/dags/tutorial.py took 0.054 seconds
[2020-06-18 01:01:59,420] {scheduler_job.py:154} INFO - Started process (PID=65072) to work on /Users/owner/airflow/dags/tutorial.py
[2020-06-18 01:01:59,429] {scheduler_job.py:1562} INFO - Processing file /Users/owner/airflow/dags/tutorial.py for tasks to queue
[2020-06-18 01:01:59,431] {logging_mixin.py:112} INFO - [2020-06-18 01:01:59,430] {dagbag.py:396} INFO - Filling up the DagBag from /Users/owner/airflow/dags/tutorial.py
[2020-06-18 01:01:59,445] {scheduler_job.py:1574} INFO - DAG(s) dict_keys(['tutorial']) retrieved from /Users/owner/airflow/dags/tutorial.py
[2020-06-18 01:01:59,475] {scheduler_job.py:162} INFO - Processing /Users/owner/airflow/dags/tutorial.py took 0.055 seconds
[2020-06-18 01:02:51,580] {scheduler_job.py:154} INFO - Started process (PID=65111) to work on /Users/owner/airflow/dags/tutorial.py
[2020-06-18 01:02:51,588] {scheduler_job.py:1562} INFO - Processing file /Users/owner/airflow/dags/tutorial.py for tasks to queue
[2020-06-18 01:02:51,589] {logging_mixin.py:112} INFO - [2020-06-18 01:02:51,589] {dagbag.py:396} INFO - Filling up the DagBag from /Users/owner/airflow/dags/tutorial.py
[2020-06-18 01:02:51,599] {scheduler_job.py:1574} INFO - DAG(s) dict_keys(['tutorial']) retrieved from /Users/owner/airflow/dags/tutorial.py
[2020-06-18 01:02:51,635] {scheduler_job.py:162} INFO - Processing /Users/owner/airflow/dags/tutorial.py took 0.056 seconds
[2020-06-18 01:03:43,746] {scheduler_job.py:154} INFO - Started process (PID=65148) to work on /Users/owner/airflow/dags/tutorial.py
[2020-06-18 01:03:43,755] {scheduler_job.py:1562} INFO - Processing file /Users/owner/airflow/dags/tutorial.py for tasks to queue
[2020-06-18 01:03:43,756] {logging_mixin.py:112} INFO - [2020-06-18 01:03:43,756] {dagbag.py:396} INFO - Filling up the DagBag from /Users/owner/airflow/dags/tutorial.py
[2020-06-18 01:03:43,767] {scheduler_job.py:1574} INFO - DAG(s) dict_keys(['tutorial']) retrieved from /Users/owner/airflow/dags/tutorial.py
[2020-06-18 01:03:43,806] {scheduler_job.py:162} INFO - Processing /Users/owner/airflow/dags/tutorial.py took 0.060 seconds
[2020-06-18 01:04:35,893] {scheduler_job.py:154} INFO - Started process (PID=65186) to work on /Users/owner/airflow/dags/tutorial.py
[2020-06-18 01:04:35,904] {scheduler_job.py:1562} INFO - Processing file /Users/owner/airflow/dags/tutorial.py for tasks to queue
[2020-06-18 01:04:35,907] {logging_mixin.py:112} INFO - [2020-06-18 01:04:35,906] {dagbag.py:396} INFO - Filling up the DagBag from /Users/owner/airflow/dags/tutorial.py
[2020-06-18 01:04:35,920] {scheduler_job.py:1574} INFO - DAG(s) dict_keys(['tutorial']) retrieved from /Users/owner/airflow/dags/tutorial.py
[2020-06-18 01:04:35,956] {scheduler_job.py:162} INFO - Processing /Users/owner/airflow/dags/tutorial.py took 0.063 seconds
[2020-06-18 01:05:28,036] {scheduler_job.py:154} INFO - Started process (PID=65225) to work on /Users/owner/airflow/dags/tutorial.py
[2020-06-18 01:05:28,047] {scheduler_job.py:1562} INFO - Processing file /Users/owner/airflow/dags/tutorial.py for tasks to queue
[2020-06-18 01:05:28,048] {logging_mixin.py:112} INFO - [2020-06-18 01:05:28,048] {dagbag.py:396} INFO - Filling up the DagBag from /Users/owner/airflow/dags/tutorial.py
[2020-06-18 01:05:28,058] {scheduler_job.py:1574} INFO - DAG(s) dict_keys(['tutorial']) retrieved from /Users/owner/airflow/dags/tutorial.py
[2020-06-18 01:05:28,087] {scheduler_job.py:162} INFO - Processing /Users/owner/airflow/dags/tutorial.py took 0.052 seconds
[2020-06-18 01:06:20,168] {scheduler_job.py:154} INFO - Started process (PID=65263) to work on /Users/owner/airflow/dags/tutorial.py
[2020-06-18 01:06:20,175] {scheduler_job.py:1562} INFO - Processing file /Users/owner/airflow/dags/tutorial.py for tasks to queue
[2020-06-18 01:06:20,177] {logging_mixin.py:112} INFO - [2020-06-18 01:06:20,176] {dagbag.py:396} INFO - Filling up the DagBag from /Users/owner/airflow/dags/tutorial.py
[2020-06-18 01:06:20,189] {scheduler_job.py:1574} INFO - DAG(s) dict_keys(['tutorial']) retrieved from /Users/owner/airflow/dags/tutorial.py
[2020-06-18 01:06:20,227] {scheduler_job.py:162} INFO - Processing /Users/owner/airflow/dags/tutorial.py took 0.059 seconds
[2020-06-18 01:07:12,342] {scheduler_job.py:154} INFO - Started process (PID=65301) to work on /Users/owner/airflow/dags/tutorial.py
[2020-06-18 01:07:12,354] {scheduler_job.py:1562} INFO - Processing file /Users/owner/airflow/dags/tutorial.py for tasks to queue
[2020-06-18 01:07:12,357] {logging_mixin.py:112} INFO - [2020-06-18 01:07:12,356] {dagbag.py:396} INFO - Filling up the DagBag from /Users/owner/airflow/dags/tutorial.py
[2020-06-18 01:07:12,373] {scheduler_job.py:1574} INFO - DAG(s) dict_keys(['tutorial']) retrieved from /Users/owner/airflow/dags/tutorial.py
[2020-06-18 01:07:12,416] {scheduler_job.py:162} INFO - Processing /Users/owner/airflow/dags/tutorial.py took 0.074 seconds
[2020-06-18 01:08:04,633] {scheduler_job.py:154} INFO - Started process (PID=65339) to work on /Users/owner/airflow/dags/tutorial.py
[2020-06-18 01:08:04,641] {scheduler_job.py:1562} INFO - Processing file /Users/owner/airflow/dags/tutorial.py for tasks to queue
[2020-06-18 01:08:04,642] {logging_mixin.py:112} INFO - [2020-06-18 01:08:04,642] {dagbag.py:396} INFO - Filling up the DagBag from /Users/owner/airflow/dags/tutorial.py
[2020-06-18 01:08:04,651] {scheduler_job.py:1574} INFO - DAG(s) dict_keys(['tutorial']) retrieved from /Users/owner/airflow/dags/tutorial.py
[2020-06-18 01:08:04,690] {scheduler_job.py:162} INFO - Processing /Users/owner/airflow/dags/tutorial.py took 0.057 seconds
[2020-06-18 01:08:56,937] {scheduler_job.py:154} INFO - Started process (PID=65377) to work on /Users/owner/airflow/dags/tutorial.py
[2020-06-18 01:08:56,954] {scheduler_job.py:1562} INFO - Processing file /Users/owner/airflow/dags/tutorial.py for tasks to queue
[2020-06-18 01:08:56,956] {logging_mixin.py:112} INFO - [2020-06-18 01:08:56,955] {dagbag.py:396} INFO - Filling up the DagBag from /Users/owner/airflow/dags/tutorial.py
[2020-06-18 01:08:56,964] {scheduler_job.py:1574} INFO - DAG(s) dict_keys(['tutorial']) retrieved from /Users/owner/airflow/dags/tutorial.py
[2020-06-18 01:08:56,989] {scheduler_job.py:162} INFO - Processing /Users/owner/airflow/dags/tutorial.py took 0.052 seconds
[2020-06-18 01:09:49,271] {scheduler_job.py:154} INFO - Started process (PID=65418) to work on /Users/owner/airflow/dags/tutorial.py
[2020-06-18 01:09:49,279] {scheduler_job.py:1562} INFO - Processing file /Users/owner/airflow/dags/tutorial.py for tasks to queue
[2020-06-18 01:09:49,281] {logging_mixin.py:112} INFO - [2020-06-18 01:09:49,280] {dagbag.py:396} INFO - Filling up the DagBag from /Users/owner/airflow/dags/tutorial.py
[2020-06-18 01:09:49,293] {scheduler_job.py:1574} INFO - DAG(s) dict_keys(['tutorial']) retrieved from /Users/owner/airflow/dags/tutorial.py
[2020-06-18 01:09:49,324] {scheduler_job.py:162} INFO - Processing /Users/owner/airflow/dags/tutorial.py took 0.054 seconds
[2020-06-18 01:10:41,548] {scheduler_job.py:154} INFO - Started process (PID=65461) to work on /Users/owner/airflow/dags/tutorial.py
[2020-06-18 01:10:41,559] {scheduler_job.py:1562} INFO - Processing file /Users/owner/airflow/dags/tutorial.py for tasks to queue
[2020-06-18 01:10:41,561] {logging_mixin.py:112} INFO - [2020-06-18 01:10:41,560] {dagbag.py:396} INFO - Filling up the DagBag from /Users/owner/airflow/dags/tutorial.py
[2020-06-18 01:10:41,575] {scheduler_job.py:1574} INFO - DAG(s) dict_keys(['tutorial']) retrieved from /Users/owner/airflow/dags/tutorial.py
[2020-06-18 01:10:41,603] {scheduler_job.py:162} INFO - Processing /Users/owner/airflow/dags/tutorial.py took 0.055 seconds
[2020-06-18 01:11:33,842] {scheduler_job.py:154} INFO - Started process (PID=65499) to work on /Users/owner/airflow/dags/tutorial.py
[2020-06-18 01:11:33,853] {scheduler_job.py:1562} INFO - Processing file /Users/owner/airflow/dags/tutorial.py for tasks to queue
[2020-06-18 01:11:33,855] {logging_mixin.py:112} INFO - [2020-06-18 01:11:33,854] {dagbag.py:396} INFO - Filling up the DagBag from /Users/owner/airflow/dags/tutorial.py
[2020-06-18 01:11:33,864] {scheduler_job.py:1574} INFO - DAG(s) dict_keys(['tutorial']) retrieved from /Users/owner/airflow/dags/tutorial.py
[2020-06-18 01:11:33,895] {scheduler_job.py:162} INFO - Processing /Users/owner/airflow/dags/tutorial.py took 0.053 seconds
[2020-06-18 01:12:26,136] {scheduler_job.py:154} INFO - Started process (PID=65536) to work on /Users/owner/airflow/dags/tutorial.py
[2020-06-18 01:12:26,146] {scheduler_job.py:1562} INFO - Processing file /Users/owner/airflow/dags/tutorial.py for tasks to queue
[2020-06-18 01:12:26,148] {logging_mixin.py:112} INFO - [2020-06-18 01:12:26,148] {dagbag.py:396} INFO - Filling up the DagBag from /Users/owner/airflow/dags/tutorial.py
[2020-06-18 01:12:26,164] {scheduler_job.py:1574} INFO - DAG(s) dict_keys(['tutorial']) retrieved from /Users/owner/airflow/dags/tutorial.py
[2020-06-18 01:12:26,198] {scheduler_job.py:162} INFO - Processing /Users/owner/airflow/dags/tutorial.py took 0.062 seconds
[2020-06-18 01:13:18,441] {scheduler_job.py:154} INFO - Started process (PID=65574) to work on /Users/owner/airflow/dags/tutorial.py
[2020-06-18 01:13:18,450] {scheduler_job.py:1562} INFO - Processing file /Users/owner/airflow/dags/tutorial.py for tasks to queue
[2020-06-18 01:13:18,452] {logging_mixin.py:112} INFO - [2020-06-18 01:13:18,451] {dagbag.py:396} INFO - Filling up the DagBag from /Users/owner/airflow/dags/tutorial.py
[2020-06-18 01:13:18,462] {scheduler_job.py:1574} INFO - DAG(s) dict_keys(['tutorial']) retrieved from /Users/owner/airflow/dags/tutorial.py
[2020-06-18 01:13:18,500] {scheduler_job.py:162} INFO - Processing /Users/owner/airflow/dags/tutorial.py took 0.059 seconds
[2020-06-18 01:14:10,701] {scheduler_job.py:154} INFO - Started process (PID=65626) to work on /Users/owner/airflow/dags/tutorial.py
[2020-06-18 01:14:10,711] {scheduler_job.py:1562} INFO - Processing file /Users/owner/airflow/dags/tutorial.py for tasks to queue
[2020-06-18 01:14:10,713] {logging_mixin.py:112} INFO - [2020-06-18 01:14:10,712] {dagbag.py:396} INFO - Filling up the DagBag from /Users/owner/airflow/dags/tutorial.py
[2020-06-18 01:14:10,723] {scheduler_job.py:1574} INFO - DAG(s) dict_keys(['tutorial']) retrieved from /Users/owner/airflow/dags/tutorial.py
[2020-06-18 01:14:10,756] {scheduler_job.py:162} INFO - Processing /Users/owner/airflow/dags/tutorial.py took 0.055 seconds
[2020-06-18 01:15:02,988] {scheduler_job.py:154} INFO - Started process (PID=65663) to work on /Users/owner/airflow/dags/tutorial.py
[2020-06-18 01:15:03,000] {scheduler_job.py:1562} INFO - Processing file /Users/owner/airflow/dags/tutorial.py for tasks to queue
[2020-06-18 01:15:03,002] {logging_mixin.py:112} INFO - [2020-06-18 01:15:03,001] {dagbag.py:396} INFO - Filling up the DagBag from /Users/owner/airflow/dags/tutorial.py
[2020-06-18 01:15:03,013] {scheduler_job.py:1574} INFO - DAG(s) dict_keys(['tutorial']) retrieved from /Users/owner/airflow/dags/tutorial.py
[2020-06-18 01:15:03,046] {scheduler_job.py:162} INFO - Processing /Users/owner/airflow/dags/tutorial.py took 0.059 seconds
[2020-06-18 01:15:55,263] {scheduler_job.py:154} INFO - Started process (PID=65701) to work on /Users/owner/airflow/dags/tutorial.py
[2020-06-18 01:15:55,277] {scheduler_job.py:1562} INFO - Processing file /Users/owner/airflow/dags/tutorial.py for tasks to queue
[2020-06-18 01:15:55,279] {logging_mixin.py:112} INFO - [2020-06-18 01:15:55,278] {dagbag.py:396} INFO - Filling up the DagBag from /Users/owner/airflow/dags/tutorial.py
[2020-06-18 01:15:55,288] {scheduler_job.py:1574} INFO - DAG(s) dict_keys(['tutorial']) retrieved from /Users/owner/airflow/dags/tutorial.py
[2020-06-18 01:15:55,317] {scheduler_job.py:162} INFO - Processing /Users/owner/airflow/dags/tutorial.py took 0.054 seconds
[2020-06-18 01:16:47,515] {scheduler_job.py:154} INFO - Started process (PID=65738) to work on /Users/owner/airflow/dags/tutorial.py
[2020-06-18 01:16:47,523] {scheduler_job.py:1562} INFO - Processing file /Users/owner/airflow/dags/tutorial.py for tasks to queue
[2020-06-18 01:16:47,525] {logging_mixin.py:112} INFO - [2020-06-18 01:16:47,524] {dagbag.py:396} INFO - Filling up the DagBag from /Users/owner/airflow/dags/tutorial.py
[2020-06-18 01:16:47,534] {scheduler_job.py:1574} INFO - DAG(s) dict_keys(['tutorial']) retrieved from /Users/owner/airflow/dags/tutorial.py
[2020-06-18 01:16:47,571] {scheduler_job.py:162} INFO - Processing /Users/owner/airflow/dags/tutorial.py took 0.056 seconds
[2020-06-18 01:17:43,847] {scheduler_job.py:154} INFO - Started process (PID=65788) to work on /Users/owner/airflow/dags/tutorial.py
[2020-06-18 01:17:43,864] {scheduler_job.py:1562} INFO - Processing file /Users/owner/airflow/dags/tutorial.py for tasks to queue
[2020-06-18 01:17:43,867] {logging_mixin.py:112} INFO - [2020-06-18 01:17:43,866] {dagbag.py:396} INFO - Filling up the DagBag from /Users/owner/airflow/dags/tutorial.py
[2020-06-18 01:17:43,882] {scheduler_job.py:1574} INFO - DAG(s) dict_keys(['tutorial']) retrieved from /Users/owner/airflow/dags/tutorial.py
[2020-06-18 01:17:43,942] {scheduler_job.py:162} INFO - Processing /Users/owner/airflow/dags/tutorial.py took 0.095 seconds
[2020-06-18 01:18:35,630] {scheduler_job.py:154} INFO - Started process (PID=65864) to work on /Users/owner/airflow/dags/tutorial.py
[2020-06-18 01:18:35,643] {scheduler_job.py:1562} INFO - Processing file /Users/owner/airflow/dags/tutorial.py for tasks to queue
[2020-06-18 01:18:35,645] {logging_mixin.py:112} INFO - [2020-06-18 01:18:35,644] {dagbag.py:396} INFO - Filling up the DagBag from /Users/owner/airflow/dags/tutorial.py
[2020-06-18 01:18:35,658] {scheduler_job.py:1574} INFO - DAG(s) dict_keys(['tutorial']) retrieved from /Users/owner/airflow/dags/tutorial.py
[2020-06-18 01:18:35,698] {scheduler_job.py:162} INFO - Processing /Users/owner/airflow/dags/tutorial.py took 0.068 seconds
[2020-06-18 01:19:27,763] {scheduler_job.py:154} INFO - Started process (PID=65902) to work on /Users/owner/airflow/dags/tutorial.py
[2020-06-18 01:19:27,774] {scheduler_job.py:1562} INFO - Processing file /Users/owner/airflow/dags/tutorial.py for tasks to queue
[2020-06-18 01:19:27,776] {logging_mixin.py:112} INFO - [2020-06-18 01:19:27,775] {dagbag.py:396} INFO - Filling up the DagBag from /Users/owner/airflow/dags/tutorial.py
[2020-06-18 01:19:27,785] {scheduler_job.py:1574} INFO - DAG(s) dict_keys(['tutorial']) retrieved from /Users/owner/airflow/dags/tutorial.py
[2020-06-18 01:19:27,810] {scheduler_job.py:162} INFO - Processing /Users/owner/airflow/dags/tutorial.py took 0.048 seconds
[2020-06-18 01:20:19,924] {scheduler_job.py:154} INFO - Started process (PID=65949) to work on /Users/owner/airflow/dags/tutorial.py
[2020-06-18 01:20:19,941] {scheduler_job.py:1562} INFO - Processing file /Users/owner/airflow/dags/tutorial.py for tasks to queue
[2020-06-18 01:20:19,943] {logging_mixin.py:112} INFO - [2020-06-18 01:20:19,942] {dagbag.py:396} INFO - Filling up the DagBag from /Users/owner/airflow/dags/tutorial.py
[2020-06-18 01:20:19,951] {scheduler_job.py:1574} INFO - DAG(s) dict_keys(['tutorial']) retrieved from /Users/owner/airflow/dags/tutorial.py
[2020-06-18 01:20:19,983] {scheduler_job.py:162} INFO - Processing /Users/owner/airflow/dags/tutorial.py took 0.059 seconds
[2020-06-18 01:21:12,090] {scheduler_job.py:154} INFO - Started process (PID=65986) to work on /Users/owner/airflow/dags/tutorial.py
[2020-06-18 01:21:12,099] {scheduler_job.py:1562} INFO - Processing file /Users/owner/airflow/dags/tutorial.py for tasks to queue
[2020-06-18 01:21:12,101] {logging_mixin.py:112} INFO - [2020-06-18 01:21:12,101] {dagbag.py:396} INFO - Filling up the DagBag from /Users/owner/airflow/dags/tutorial.py
[2020-06-18 01:21:12,114] {scheduler_job.py:1574} INFO - DAG(s) dict_keys(['tutorial']) retrieved from /Users/owner/airflow/dags/tutorial.py
[2020-06-18 01:21:12,149] {scheduler_job.py:162} INFO - Processing /Users/owner/airflow/dags/tutorial.py took 0.060 seconds
[2020-06-18 01:22:04,245] {scheduler_job.py:154} INFO - Started process (PID=66024) to work on /Users/owner/airflow/dags/tutorial.py
[2020-06-18 01:22:04,261] {scheduler_job.py:1562} INFO - Processing file /Users/owner/airflow/dags/tutorial.py for tasks to queue
[2020-06-18 01:22:04,262] {logging_mixin.py:112} INFO - [2020-06-18 01:22:04,262] {dagbag.py:396} INFO - Filling up the DagBag from /Users/owner/airflow/dags/tutorial.py
[2020-06-18 01:22:04,269] {scheduler_job.py:1574} INFO - DAG(s) dict_keys(['tutorial']) retrieved from /Users/owner/airflow/dags/tutorial.py
[2020-06-18 01:22:04,299] {scheduler_job.py:162} INFO - Processing /Users/owner/airflow/dags/tutorial.py took 0.054 seconds
[2020-06-18 01:22:56,447] {scheduler_job.py:154} INFO - Started process (PID=66064) to work on /Users/owner/airflow/dags/tutorial.py
[2020-06-18 01:22:56,458] {scheduler_job.py:1562} INFO - Processing file /Users/owner/airflow/dags/tutorial.py for tasks to queue
[2020-06-18 01:22:56,460] {logging_mixin.py:112} INFO - [2020-06-18 01:22:56,459] {dagbag.py:396} INFO - Filling up the DagBag from /Users/owner/airflow/dags/tutorial.py
[2020-06-18 01:22:56,472] {scheduler_job.py:1574} INFO - DAG(s) dict_keys(['tutorial']) retrieved from /Users/owner/airflow/dags/tutorial.py
[2020-06-18 01:22:56,503] {scheduler_job.py:162} INFO - Processing /Users/owner/airflow/dags/tutorial.py took 0.056 seconds
[2020-06-18 01:23:48,738] {scheduler_job.py:154} INFO - Started process (PID=66106) to work on /Users/owner/airflow/dags/tutorial.py
[2020-06-18 01:23:48,779] {scheduler_job.py:1562} INFO - Processing file /Users/owner/airflow/dags/tutorial.py for tasks to queue
[2020-06-18 01:23:48,781] {logging_mixin.py:112} INFO - [2020-06-18 01:23:48,780] {dagbag.py:396} INFO - Filling up the DagBag from /Users/owner/airflow/dags/tutorial.py
[2020-06-18 01:23:48,825] {scheduler_job.py:1574} INFO - DAG(s) dict_keys(['tutorial']) retrieved from /Users/owner/airflow/dags/tutorial.py
[2020-06-18 01:23:48,854] {scheduler_job.py:162} INFO - Processing /Users/owner/airflow/dags/tutorial.py took 0.116 seconds
[2020-06-18 01:24:40,837] {scheduler_job.py:154} INFO - Started process (PID=66153) to work on /Users/owner/airflow/dags/tutorial.py
[2020-06-18 01:24:40,855] {scheduler_job.py:1562} INFO - Processing file /Users/owner/airflow/dags/tutorial.py for tasks to queue
[2020-06-18 01:24:40,857] {logging_mixin.py:112} INFO - [2020-06-18 01:24:40,856] {dagbag.py:396} INFO - Filling up the DagBag from /Users/owner/airflow/dags/tutorial.py
[2020-06-18 01:24:40,868] {scheduler_job.py:1574} INFO - DAG(s) dict_keys(['tutorial']) retrieved from /Users/owner/airflow/dags/tutorial.py
[2020-06-18 01:24:40,894] {scheduler_job.py:162} INFO - Processing /Users/owner/airflow/dags/tutorial.py took 0.057 seconds
[2020-06-18 01:25:32,999] {scheduler_job.py:154} INFO - Started process (PID=66193) to work on /Users/owner/airflow/dags/tutorial.py
[2020-06-18 01:25:33,011] {scheduler_job.py:1562} INFO - Processing file /Users/owner/airflow/dags/tutorial.py for tasks to queue
[2020-06-18 01:25:33,013] {logging_mixin.py:112} INFO - [2020-06-18 01:25:33,012] {dagbag.py:396} INFO - Filling up the DagBag from /Users/owner/airflow/dags/tutorial.py
[2020-06-18 01:25:33,020] {scheduler_job.py:1574} INFO - DAG(s) dict_keys(['tutorial']) retrieved from /Users/owner/airflow/dags/tutorial.py
[2020-06-18 01:25:33,049] {scheduler_job.py:162} INFO - Processing /Users/owner/airflow/dags/tutorial.py took 0.051 seconds
[2020-06-18 01:26:25,154] {scheduler_job.py:154} INFO - Started process (PID=66231) to work on /Users/owner/airflow/dags/tutorial.py
[2020-06-18 01:26:25,167] {scheduler_job.py:1562} INFO - Processing file /Users/owner/airflow/dags/tutorial.py for tasks to queue
[2020-06-18 01:26:25,168] {logging_mixin.py:112} INFO - [2020-06-18 01:26:25,168] {dagbag.py:396} INFO - Filling up the DagBag from /Users/owner/airflow/dags/tutorial.py
[2020-06-18 01:26:25,176] {scheduler_job.py:1574} INFO - DAG(s) dict_keys(['tutorial']) retrieved from /Users/owner/airflow/dags/tutorial.py
[2020-06-18 01:26:25,314] {scheduler_job.py:162} INFO - Processing /Users/owner/airflow/dags/tutorial.py took 0.160 seconds
[2020-06-18 01:27:17,283] {scheduler_job.py:154} INFO - Started process (PID=66279) to work on /Users/owner/airflow/dags/tutorial.py
[2020-06-18 01:27:17,296] {scheduler_job.py:1562} INFO - Processing file /Users/owner/airflow/dags/tutorial.py for tasks to queue
[2020-06-18 01:27:17,297] {logging_mixin.py:112} INFO - [2020-06-18 01:27:17,297] {dagbag.py:396} INFO - Filling up the DagBag from /Users/owner/airflow/dags/tutorial.py
[2020-06-18 01:27:17,418] {scheduler_job.py:1574} INFO - DAG(s) dict_keys(['tutorial']) retrieved from /Users/owner/airflow/dags/tutorial.py
[2020-06-18 01:27:17,440] {scheduler_job.py:162} INFO - Processing /Users/owner/airflow/dags/tutorial.py took 0.157 seconds
[2020-06-18 01:28:09,441] {scheduler_job.py:154} INFO - Started process (PID=66317) to work on /Users/owner/airflow/dags/tutorial.py
[2020-06-18 01:28:09,449] {scheduler_job.py:1562} INFO - Processing file /Users/owner/airflow/dags/tutorial.py for tasks to queue
[2020-06-18 01:28:09,452] {logging_mixin.py:112} INFO - [2020-06-18 01:28:09,450] {dagbag.py:396} INFO - Filling up the DagBag from /Users/owner/airflow/dags/tutorial.py
[2020-06-18 01:28:09,461] {scheduler_job.py:1574} INFO - DAG(s) dict_keys(['tutorial']) retrieved from /Users/owner/airflow/dags/tutorial.py
[2020-06-18 01:28:09,489] {scheduler_job.py:162} INFO - Processing /Users/owner/airflow/dags/tutorial.py took 0.048 seconds
[2020-06-18 01:29:01,673] {scheduler_job.py:154} INFO - Started process (PID=66355) to work on /Users/owner/airflow/dags/tutorial.py
[2020-06-18 01:29:01,686] {scheduler_job.py:1562} INFO - Processing file /Users/owner/airflow/dags/tutorial.py for tasks to queue
[2020-06-18 01:29:01,688] {logging_mixin.py:112} INFO - [2020-06-18 01:29:01,687] {dagbag.py:396} INFO - Filling up the DagBag from /Users/owner/airflow/dags/tutorial.py
[2020-06-18 01:29:01,697] {scheduler_job.py:1574} INFO - DAG(s) dict_keys(['tutorial']) retrieved from /Users/owner/airflow/dags/tutorial.py
[2020-06-18 01:29:01,740] {scheduler_job.py:162} INFO - Processing /Users/owner/airflow/dags/tutorial.py took 0.067 seconds
[2020-06-18 01:29:53,963] {scheduler_job.py:154} INFO - Started process (PID=66392) to work on /Users/owner/airflow/dags/tutorial.py
[2020-06-18 01:29:53,975] {scheduler_job.py:1562} INFO - Processing file /Users/owner/airflow/dags/tutorial.py for tasks to queue
[2020-06-18 01:29:53,977] {logging_mixin.py:112} INFO - [2020-06-18 01:29:53,976] {dagbag.py:396} INFO - Filling up the DagBag from /Users/owner/airflow/dags/tutorial.py
[2020-06-18 01:29:53,988] {scheduler_job.py:1574} INFO - DAG(s) dict_keys(['tutorial']) retrieved from /Users/owner/airflow/dags/tutorial.py
[2020-06-18 01:29:54,016] {scheduler_job.py:162} INFO - Processing /Users/owner/airflow/dags/tutorial.py took 0.053 seconds
[2020-06-18 01:30:46,262] {scheduler_job.py:154} INFO - Started process (PID=66431) to work on /Users/owner/airflow/dags/tutorial.py
[2020-06-18 01:30:46,274] {scheduler_job.py:1562} INFO - Processing file /Users/owner/airflow/dags/tutorial.py for tasks to queue
[2020-06-18 01:30:46,276] {logging_mixin.py:112} INFO - [2020-06-18 01:30:46,275] {dagbag.py:396} INFO - Filling up the DagBag from /Users/owner/airflow/dags/tutorial.py
[2020-06-18 01:30:46,284] {scheduler_job.py:1574} INFO - DAG(s) dict_keys(['tutorial']) retrieved from /Users/owner/airflow/dags/tutorial.py
[2020-06-18 01:30:46,317] {scheduler_job.py:162} INFO - Processing /Users/owner/airflow/dags/tutorial.py took 0.055 seconds
[2020-06-18 01:31:38,542] {scheduler_job.py:154} INFO - Started process (PID=66470) to work on /Users/owner/airflow/dags/tutorial.py
[2020-06-18 01:31:38,552] {scheduler_job.py:1562} INFO - Processing file /Users/owner/airflow/dags/tutorial.py for tasks to queue
[2020-06-18 01:31:38,553] {logging_mixin.py:112} INFO - [2020-06-18 01:31:38,553] {dagbag.py:396} INFO - Filling up the DagBag from /Users/owner/airflow/dags/tutorial.py
[2020-06-18 01:31:38,561] {scheduler_job.py:1574} INFO - DAG(s) dict_keys(['tutorial']) retrieved from /Users/owner/airflow/dags/tutorial.py
[2020-06-18 01:31:38,593] {scheduler_job.py:162} INFO - Processing /Users/owner/airflow/dags/tutorial.py took 0.050 seconds
[2020-06-18 01:32:30,921] {scheduler_job.py:154} INFO - Started process (PID=66508) to work on /Users/owner/airflow/dags/tutorial.py
[2020-06-18 01:32:30,930] {scheduler_job.py:1562} INFO - Processing file /Users/owner/airflow/dags/tutorial.py for tasks to queue
[2020-06-18 01:32:30,931] {logging_mixin.py:112} INFO - [2020-06-18 01:32:30,931] {dagbag.py:396} INFO - Filling up the DagBag from /Users/owner/airflow/dags/tutorial.py
[2020-06-18 01:32:30,939] {scheduler_job.py:1574} INFO - DAG(s) dict_keys(['tutorial']) retrieved from /Users/owner/airflow/dags/tutorial.py
[2020-06-18 01:32:30,972] {scheduler_job.py:162} INFO - Processing /Users/owner/airflow/dags/tutorial.py took 0.051 seconds
[2020-06-18 01:33:23,247] {scheduler_job.py:154} INFO - Started process (PID=66546) to work on /Users/owner/airflow/dags/tutorial.py
[2020-06-18 01:33:23,257] {scheduler_job.py:1562} INFO - Processing file /Users/owner/airflow/dags/tutorial.py for tasks to queue
[2020-06-18 01:33:23,259] {logging_mixin.py:112} INFO - [2020-06-18 01:33:23,258] {dagbag.py:396} INFO - Filling up the DagBag from /Users/owner/airflow/dags/tutorial.py
[2020-06-18 01:33:23,266] {scheduler_job.py:1574} INFO - DAG(s) dict_keys(['tutorial']) retrieved from /Users/owner/airflow/dags/tutorial.py
[2020-06-18 01:33:23,300] {scheduler_job.py:162} INFO - Processing /Users/owner/airflow/dags/tutorial.py took 0.054 seconds
[2020-06-18 01:34:15,498] {scheduler_job.py:154} INFO - Started process (PID=66599) to work on /Users/owner/airflow/dags/tutorial.py
[2020-06-18 01:34:15,509] {scheduler_job.py:1562} INFO - Processing file /Users/owner/airflow/dags/tutorial.py for tasks to queue
[2020-06-18 01:34:15,511] {logging_mixin.py:112} INFO - [2020-06-18 01:34:15,510] {dagbag.py:396} INFO - Filling up the DagBag from /Users/owner/airflow/dags/tutorial.py
[2020-06-18 01:34:15,525] {scheduler_job.py:1574} INFO - DAG(s) dict_keys(['tutorial']) retrieved from /Users/owner/airflow/dags/tutorial.py
[2020-06-18 01:34:15,559] {scheduler_job.py:162} INFO - Processing /Users/owner/airflow/dags/tutorial.py took 0.061 seconds
[2020-06-18 01:35:07,869] {scheduler_job.py:154} INFO - Started process (PID=66641) to work on /Users/owner/airflow/dags/tutorial.py
[2020-06-18 01:35:07,877] {scheduler_job.py:1562} INFO - Processing file /Users/owner/airflow/dags/tutorial.py for tasks to queue
[2020-06-18 01:35:07,879] {logging_mixin.py:112} INFO - [2020-06-18 01:35:07,878] {dagbag.py:396} INFO - Filling up the DagBag from /Users/owner/airflow/dags/tutorial.py
[2020-06-18 01:35:07,888] {scheduler_job.py:1574} INFO - DAG(s) dict_keys(['tutorial']) retrieved from /Users/owner/airflow/dags/tutorial.py
[2020-06-18 01:35:07,917] {scheduler_job.py:162} INFO - Processing /Users/owner/airflow/dags/tutorial.py took 0.048 seconds
[2020-06-18 01:36:00,203] {scheduler_job.py:154} INFO - Started process (PID=66679) to work on /Users/owner/airflow/dags/tutorial.py
[2020-06-18 01:36:00,220] {scheduler_job.py:1562} INFO - Processing file /Users/owner/airflow/dags/tutorial.py for tasks to queue
[2020-06-18 01:36:00,222] {logging_mixin.py:112} INFO - [2020-06-18 01:36:00,221] {dagbag.py:396} INFO - Filling up the DagBag from /Users/owner/airflow/dags/tutorial.py
[2020-06-18 01:36:00,234] {scheduler_job.py:1574} INFO - DAG(s) dict_keys(['tutorial']) retrieved from /Users/owner/airflow/dags/tutorial.py
[2020-06-18 01:36:00,266] {scheduler_job.py:162} INFO - Processing /Users/owner/airflow/dags/tutorial.py took 0.064 seconds
[2020-06-18 01:36:52,351] {scheduler_job.py:154} INFO - Started process (PID=66718) to work on /Users/owner/airflow/dags/tutorial.py
[2020-06-18 01:36:52,360] {scheduler_job.py:1562} INFO - Processing file /Users/owner/airflow/dags/tutorial.py for tasks to queue
[2020-06-18 01:36:52,362] {logging_mixin.py:112} INFO - [2020-06-18 01:36:52,361] {dagbag.py:396} INFO - Filling up the DagBag from /Users/owner/airflow/dags/tutorial.py
[2020-06-18 01:36:52,375] {scheduler_job.py:1574} INFO - DAG(s) dict_keys(['tutorial']) retrieved from /Users/owner/airflow/dags/tutorial.py
[2020-06-18 01:36:52,418] {scheduler_job.py:162} INFO - Processing /Users/owner/airflow/dags/tutorial.py took 0.067 seconds
[2020-06-18 01:37:44,501] {scheduler_job.py:154} INFO - Started process (PID=66756) to work on /Users/owner/airflow/dags/tutorial.py
[2020-06-18 01:37:44,516] {scheduler_job.py:1562} INFO - Processing file /Users/owner/airflow/dags/tutorial.py for tasks to queue
[2020-06-18 01:37:44,520] {logging_mixin.py:112} INFO - [2020-06-18 01:37:44,519] {dagbag.py:396} INFO - Filling up the DagBag from /Users/owner/airflow/dags/tutorial.py
[2020-06-18 01:37:44,539] {scheduler_job.py:1574} INFO - DAG(s) dict_keys(['tutorial']) retrieved from /Users/owner/airflow/dags/tutorial.py
[2020-06-18 01:37:44,589] {scheduler_job.py:162} INFO - Processing /Users/owner/airflow/dags/tutorial.py took 0.088 seconds
[2020-06-18 01:38:36,632] {scheduler_job.py:154} INFO - Started process (PID=66796) to work on /Users/owner/airflow/dags/tutorial.py
[2020-06-18 01:38:36,645] {scheduler_job.py:1562} INFO - Processing file /Users/owner/airflow/dags/tutorial.py for tasks to queue
[2020-06-18 01:38:36,646] {logging_mixin.py:112} INFO - [2020-06-18 01:38:36,646] {dagbag.py:396} INFO - Filling up the DagBag from /Users/owner/airflow/dags/tutorial.py
[2020-06-18 01:38:36,654] {scheduler_job.py:1574} INFO - DAG(s) dict_keys(['tutorial']) retrieved from /Users/owner/airflow/dags/tutorial.py
[2020-06-18 01:38:36,682] {scheduler_job.py:162} INFO - Processing /Users/owner/airflow/dags/tutorial.py took 0.050 seconds
[2020-06-18 01:39:28,775] {scheduler_job.py:154} INFO - Started process (PID=66846) to work on /Users/owner/airflow/dags/tutorial.py
[2020-06-18 01:39:28,786] {scheduler_job.py:1562} INFO - Processing file /Users/owner/airflow/dags/tutorial.py for tasks to queue
[2020-06-18 01:39:28,788] {logging_mixin.py:112} INFO - [2020-06-18 01:39:28,788] {dagbag.py:396} INFO - Filling up the DagBag from /Users/owner/airflow/dags/tutorial.py
[2020-06-18 01:39:28,802] {scheduler_job.py:1574} INFO - DAG(s) dict_keys(['tutorial']) retrieved from /Users/owner/airflow/dags/tutorial.py
[2020-06-18 01:39:28,838] {scheduler_job.py:162} INFO - Processing /Users/owner/airflow/dags/tutorial.py took 0.064 seconds
[2020-06-18 01:40:20,940] {scheduler_job.py:154} INFO - Started process (PID=66886) to work on /Users/owner/airflow/dags/tutorial.py
[2020-06-18 01:40:20,950] {scheduler_job.py:1562} INFO - Processing file /Users/owner/airflow/dags/tutorial.py for tasks to queue
[2020-06-18 01:40:20,951] {logging_mixin.py:112} INFO - [2020-06-18 01:40:20,951] {dagbag.py:396} INFO - Filling up the DagBag from /Users/owner/airflow/dags/tutorial.py
[2020-06-18 01:40:20,963] {scheduler_job.py:1574} INFO - DAG(s) dict_keys(['tutorial']) retrieved from /Users/owner/airflow/dags/tutorial.py
[2020-06-18 01:40:20,991] {scheduler_job.py:162} INFO - Processing /Users/owner/airflow/dags/tutorial.py took 0.051 seconds
[2020-06-18 01:41:13,098] {scheduler_job.py:154} INFO - Started process (PID=66927) to work on /Users/owner/airflow/dags/tutorial.py
[2020-06-18 01:41:13,107] {scheduler_job.py:1562} INFO - Processing file /Users/owner/airflow/dags/tutorial.py for tasks to queue
[2020-06-18 01:41:13,109] {logging_mixin.py:112} INFO - [2020-06-18 01:41:13,108] {dagbag.py:396} INFO - Filling up the DagBag from /Users/owner/airflow/dags/tutorial.py
[2020-06-18 01:41:13,117] {scheduler_job.py:1574} INFO - DAG(s) dict_keys(['tutorial']) retrieved from /Users/owner/airflow/dags/tutorial.py
[2020-06-18 01:41:13,148] {scheduler_job.py:162} INFO - Processing /Users/owner/airflow/dags/tutorial.py took 0.050 seconds
[2020-06-18 01:42:05,243] {scheduler_job.py:154} INFO - Started process (PID=66968) to work on /Users/owner/airflow/dags/tutorial.py
[2020-06-18 01:42:05,254] {scheduler_job.py:1562} INFO - Processing file /Users/owner/airflow/dags/tutorial.py for tasks to queue
[2020-06-18 01:42:05,256] {logging_mixin.py:112} INFO - [2020-06-18 01:42:05,255] {dagbag.py:396} INFO - Filling up the DagBag from /Users/owner/airflow/dags/tutorial.py
[2020-06-18 01:42:05,267] {scheduler_job.py:1574} INFO - DAG(s) dict_keys(['tutorial']) retrieved from /Users/owner/airflow/dags/tutorial.py
[2020-06-18 01:42:05,296] {scheduler_job.py:162} INFO - Processing /Users/owner/airflow/dags/tutorial.py took 0.053 seconds
[2020-06-18 01:43:58,888] {scheduler_job.py:154} INFO - Started process (PID=67128) to work on /Users/owner/airflow/dags/tutorial.py
[2020-06-18 01:43:58,897] {scheduler_job.py:1562} INFO - Processing file /Users/owner/airflow/dags/tutorial.py for tasks to queue
[2020-06-18 01:43:58,898] {logging_mixin.py:112} INFO - [2020-06-18 01:43:58,898] {dagbag.py:396} INFO - Filling up the DagBag from /Users/owner/airflow/dags/tutorial.py
[2020-06-18 01:43:58,907] {scheduler_job.py:1574} INFO - DAG(s) dict_keys(['tutorial']) retrieved from /Users/owner/airflow/dags/tutorial.py
[2020-06-18 01:43:58,938] {scheduler_job.py:162} INFO - Processing /Users/owner/airflow/dags/tutorial.py took 0.050 seconds
[2020-06-18 01:45:03,389] {scheduler_job.py:154} INFO - Started process (PID=67202) to work on /Users/owner/airflow/dags/tutorial.py
[2020-06-18 01:45:03,401] {scheduler_job.py:1562} INFO - Processing file /Users/owner/airflow/dags/tutorial.py for tasks to queue
[2020-06-18 01:45:03,402] {logging_mixin.py:112} INFO - [2020-06-18 01:45:03,402] {dagbag.py:396} INFO - Filling up the DagBag from /Users/owner/airflow/dags/tutorial.py
[2020-06-18 01:45:03,412] {scheduler_job.py:1574} INFO - DAG(s) dict_keys(['tutorial']) retrieved from /Users/owner/airflow/dags/tutorial.py
[2020-06-18 01:45:03,443] {scheduler_job.py:162} INFO - Processing /Users/owner/airflow/dags/tutorial.py took 0.054 seconds
[2020-06-18 01:46:08,467] {scheduler_job.py:154} INFO - Started process (PID=67285) to work on /Users/owner/airflow/dags/tutorial.py
[2020-06-18 01:46:08,476] {scheduler_job.py:1562} INFO - Processing file /Users/owner/airflow/dags/tutorial.py for tasks to queue
[2020-06-18 01:46:08,477] {logging_mixin.py:112} INFO - [2020-06-18 01:46:08,476] {dagbag.py:396} INFO - Filling up the DagBag from /Users/owner/airflow/dags/tutorial.py
[2020-06-18 01:46:08,488] {scheduler_job.py:1574} INFO - DAG(s) dict_keys(['tutorial']) retrieved from /Users/owner/airflow/dags/tutorial.py
[2020-06-18 01:46:08,522] {scheduler_job.py:162} INFO - Processing /Users/owner/airflow/dags/tutorial.py took 0.055 seconds
[2020-06-18 01:47:00,576] {scheduler_job.py:154} INFO - Started process (PID=67328) to work on /Users/owner/airflow/dags/tutorial.py
[2020-06-18 01:47:00,587] {scheduler_job.py:1562} INFO - Processing file /Users/owner/airflow/dags/tutorial.py for tasks to queue
[2020-06-18 01:47:00,589] {logging_mixin.py:112} INFO - [2020-06-18 01:47:00,588] {dagbag.py:396} INFO - Filling up the DagBag from /Users/owner/airflow/dags/tutorial.py
[2020-06-18 01:47:00,603] {scheduler_job.py:1574} INFO - DAG(s) dict_keys(['tutorial']) retrieved from /Users/owner/airflow/dags/tutorial.py
[2020-06-18 01:47:00,635] {scheduler_job.py:162} INFO - Processing /Users/owner/airflow/dags/tutorial.py took 0.059 seconds
[2020-06-18 01:48:05,281] {scheduler_job.py:154} INFO - Started process (PID=67372) to work on /Users/owner/airflow/dags/tutorial.py
[2020-06-18 01:48:05,294] {scheduler_job.py:1562} INFO - Processing file /Users/owner/airflow/dags/tutorial.py for tasks to queue
[2020-06-18 01:48:05,295] {logging_mixin.py:112} INFO - [2020-06-18 01:48:05,295] {dagbag.py:396} INFO - Filling up the DagBag from /Users/owner/airflow/dags/tutorial.py
[2020-06-18 01:48:05,307] {scheduler_job.py:1574} INFO - DAG(s) dict_keys(['tutorial']) retrieved from /Users/owner/airflow/dags/tutorial.py
[2020-06-18 01:48:05,339] {scheduler_job.py:162} INFO - Processing /Users/owner/airflow/dags/tutorial.py took 0.058 seconds
[2020-06-18 01:49:26,937] {scheduler_job.py:154} INFO - Started process (PID=67432) to work on /Users/owner/airflow/dags/tutorial.py
[2020-06-18 01:49:26,948] {scheduler_job.py:1562} INFO - Processing file /Users/owner/airflow/dags/tutorial.py for tasks to queue
[2020-06-18 01:49:26,950] {logging_mixin.py:112} INFO - [2020-06-18 01:49:26,949] {dagbag.py:396} INFO - Filling up the DagBag from /Users/owner/airflow/dags/tutorial.py
[2020-06-18 01:49:26,959] {scheduler_job.py:1574} INFO - DAG(s) dict_keys(['tutorial']) retrieved from /Users/owner/airflow/dags/tutorial.py
[2020-06-18 01:49:26,994] {scheduler_job.py:162} INFO - Processing /Users/owner/airflow/dags/tutorial.py took 0.057 seconds
[2020-06-18 01:50:46,230] {scheduler_job.py:154} INFO - Started process (PID=67503) to work on /Users/owner/airflow/dags/tutorial.py
[2020-06-18 01:50:46,240] {scheduler_job.py:1562} INFO - Processing file /Users/owner/airflow/dags/tutorial.py for tasks to queue
[2020-06-18 01:50:46,242] {logging_mixin.py:112} INFO - [2020-06-18 01:50:46,241] {dagbag.py:396} INFO - Filling up the DagBag from /Users/owner/airflow/dags/tutorial.py
[2020-06-18 01:50:46,251] {scheduler_job.py:1574} INFO - DAG(s) dict_keys(['tutorial']) retrieved from /Users/owner/airflow/dags/tutorial.py
[2020-06-18 01:50:46,283] {scheduler_job.py:162} INFO - Processing /Users/owner/airflow/dags/tutorial.py took 0.053 seconds
[2020-06-18 01:52:04,611] {scheduler_job.py:154} INFO - Started process (PID=67555) to work on /Users/owner/airflow/dags/tutorial.py
[2020-06-18 01:52:04,622] {scheduler_job.py:1562} INFO - Processing file /Users/owner/airflow/dags/tutorial.py for tasks to queue
[2020-06-18 01:52:04,625] {logging_mixin.py:112} INFO - [2020-06-18 01:52:04,623] {dagbag.py:396} INFO - Filling up the DagBag from /Users/owner/airflow/dags/tutorial.py
[2020-06-18 01:52:04,635] {scheduler_job.py:1574} INFO - DAG(s) dict_keys(['tutorial']) retrieved from /Users/owner/airflow/dags/tutorial.py
[2020-06-18 01:52:04,681] {scheduler_job.py:162} INFO - Processing /Users/owner/airflow/dags/tutorial.py took 0.070 seconds
[2020-06-18 01:53:21,797] {scheduler_job.py:154} INFO - Started process (PID=67607) to work on /Users/owner/airflow/dags/tutorial.py
[2020-06-18 01:53:21,811] {scheduler_job.py:1562} INFO - Processing file /Users/owner/airflow/dags/tutorial.py for tasks to queue
[2020-06-18 01:53:21,813] {logging_mixin.py:112} INFO - [2020-06-18 01:53:21,812] {dagbag.py:396} INFO - Filling up the DagBag from /Users/owner/airflow/dags/tutorial.py
[2020-06-18 01:53:21,822] {scheduler_job.py:1574} INFO - DAG(s) dict_keys(['tutorial']) retrieved from /Users/owner/airflow/dags/tutorial.py
[2020-06-18 01:53:21,874] {scheduler_job.py:162} INFO - Processing /Users/owner/airflow/dags/tutorial.py took 0.078 seconds
[2020-06-18 01:54:39,304] {scheduler_job.py:154} INFO - Started process (PID=67659) to work on /Users/owner/airflow/dags/tutorial.py
[2020-06-18 01:54:39,314] {scheduler_job.py:1562} INFO - Processing file /Users/owner/airflow/dags/tutorial.py for tasks to queue
[2020-06-18 01:54:39,316] {logging_mixin.py:112} INFO - [2020-06-18 01:54:39,315] {dagbag.py:396} INFO - Filling up the DagBag from /Users/owner/airflow/dags/tutorial.py
[2020-06-18 01:54:39,330] {scheduler_job.py:1574} INFO - DAG(s) dict_keys(['tutorial']) retrieved from /Users/owner/airflow/dags/tutorial.py
[2020-06-18 01:54:39,374] {scheduler_job.py:162} INFO - Processing /Users/owner/airflow/dags/tutorial.py took 0.070 seconds
[2020-06-18 01:55:56,666] {scheduler_job.py:154} INFO - Started process (PID=67711) to work on /Users/owner/airflow/dags/tutorial.py
[2020-06-18 01:55:56,679] {scheduler_job.py:1562} INFO - Processing file /Users/owner/airflow/dags/tutorial.py for tasks to queue
[2020-06-18 01:55:56,681] {logging_mixin.py:112} INFO - [2020-06-18 01:55:56,680] {dagbag.py:396} INFO - Filling up the DagBag from /Users/owner/airflow/dags/tutorial.py
[2020-06-18 01:55:56,697] {scheduler_job.py:1574} INFO - DAG(s) dict_keys(['tutorial']) retrieved from /Users/owner/airflow/dags/tutorial.py
[2020-06-18 01:55:56,744] {scheduler_job.py:162} INFO - Processing /Users/owner/airflow/dags/tutorial.py took 0.079 seconds
[2020-06-18 01:57:13,960] {scheduler_job.py:154} INFO - Started process (PID=67781) to work on /Users/owner/airflow/dags/tutorial.py
[2020-06-18 01:57:13,975] {scheduler_job.py:1562} INFO - Processing file /Users/owner/airflow/dags/tutorial.py for tasks to queue
[2020-06-18 01:57:13,977] {logging_mixin.py:112} INFO - [2020-06-18 01:57:13,976] {dagbag.py:396} INFO - Filling up the DagBag from /Users/owner/airflow/dags/tutorial.py
[2020-06-18 01:57:13,990] {scheduler_job.py:1574} INFO - DAG(s) dict_keys(['tutorial']) retrieved from /Users/owner/airflow/dags/tutorial.py
[2020-06-18 01:57:14,080] {scheduler_job.py:162} INFO - Processing /Users/owner/airflow/dags/tutorial.py took 0.120 seconds
[2020-06-18 01:58:31,595] {scheduler_job.py:154} INFO - Started process (PID=67833) to work on /Users/owner/airflow/dags/tutorial.py
[2020-06-18 01:58:31,606] {scheduler_job.py:1562} INFO - Processing file /Users/owner/airflow/dags/tutorial.py for tasks to queue
[2020-06-18 01:58:31,607] {logging_mixin.py:112} INFO - [2020-06-18 01:58:31,607] {dagbag.py:396} INFO - Filling up the DagBag from /Users/owner/airflow/dags/tutorial.py
[2020-06-18 01:58:31,617] {scheduler_job.py:1574} INFO - DAG(s) dict_keys(['tutorial']) retrieved from /Users/owner/airflow/dags/tutorial.py
[2020-06-18 01:58:31,655] {scheduler_job.py:162} INFO - Processing /Users/owner/airflow/dags/tutorial.py took 0.060 seconds
[2020-06-18 01:59:49,713] {scheduler_job.py:154} INFO - Started process (PID=67885) to work on /Users/owner/airflow/dags/tutorial.py
[2020-06-18 01:59:49,723] {scheduler_job.py:1562} INFO - Processing file /Users/owner/airflow/dags/tutorial.py for tasks to queue
[2020-06-18 01:59:49,725] {logging_mixin.py:112} INFO - [2020-06-18 01:59:49,724] {dagbag.py:396} INFO - Filling up the DagBag from /Users/owner/airflow/dags/tutorial.py
[2020-06-18 01:59:49,734] {scheduler_job.py:1574} INFO - DAG(s) dict_keys(['tutorial']) retrieved from /Users/owner/airflow/dags/tutorial.py
[2020-06-18 01:59:49,764] {scheduler_job.py:162} INFO - Processing /Users/owner/airflow/dags/tutorial.py took 0.051 seconds
[2020-06-18 02:01:09,815] {scheduler_job.py:154} INFO - Started process (PID=67943) to work on /Users/owner/airflow/dags/tutorial.py
[2020-06-18 02:01:09,825] {scheduler_job.py:1562} INFO - Processing file /Users/owner/airflow/dags/tutorial.py for tasks to queue
[2020-06-18 02:01:09,827] {logging_mixin.py:112} INFO - [2020-06-18 02:01:09,826] {dagbag.py:396} INFO - Filling up the DagBag from /Users/owner/airflow/dags/tutorial.py
[2020-06-18 02:01:09,836] {scheduler_job.py:1574} INFO - DAG(s) dict_keys(['tutorial']) retrieved from /Users/owner/airflow/dags/tutorial.py
[2020-06-18 02:01:09,871] {scheduler_job.py:162} INFO - Processing /Users/owner/airflow/dags/tutorial.py took 0.057 seconds
[2020-06-18 02:02:27,432] {scheduler_job.py:154} INFO - Started process (PID=67994) to work on /Users/owner/airflow/dags/tutorial.py
[2020-06-18 02:02:27,444] {scheduler_job.py:1562} INFO - Processing file /Users/owner/airflow/dags/tutorial.py for tasks to queue
[2020-06-18 02:02:27,446] {logging_mixin.py:112} INFO - [2020-06-18 02:02:27,445] {dagbag.py:396} INFO - Filling up the DagBag from /Users/owner/airflow/dags/tutorial.py
[2020-06-18 02:02:27,459] {scheduler_job.py:1574} INFO - DAG(s) dict_keys(['tutorial']) retrieved from /Users/owner/airflow/dags/tutorial.py
[2020-06-18 02:02:27,501] {scheduler_job.py:162} INFO - Processing /Users/owner/airflow/dags/tutorial.py took 0.069 seconds
[2020-06-18 02:03:31,745] {scheduler_job.py:154} INFO - Started process (PID=68067) to work on /Users/owner/airflow/dags/tutorial.py
[2020-06-18 02:03:31,757] {scheduler_job.py:1562} INFO - Processing file /Users/owner/airflow/dags/tutorial.py for tasks to queue
[2020-06-18 02:03:31,759] {logging_mixin.py:112} INFO - [2020-06-18 02:03:31,758] {dagbag.py:396} INFO - Filling up the DagBag from /Users/owner/airflow/dags/tutorial.py
[2020-06-18 02:03:31,776] {scheduler_job.py:1574} INFO - DAG(s) dict_keys(['tutorial']) retrieved from /Users/owner/airflow/dags/tutorial.py
[2020-06-18 02:03:31,814] {scheduler_job.py:162} INFO - Processing /Users/owner/airflow/dags/tutorial.py took 0.069 seconds
[2020-06-18 02:04:23,859] {scheduler_job.py:154} INFO - Started process (PID=68107) to work on /Users/owner/airflow/dags/tutorial.py
[2020-06-18 02:04:23,871] {scheduler_job.py:1562} INFO - Processing file /Users/owner/airflow/dags/tutorial.py for tasks to queue
[2020-06-18 02:04:23,872] {logging_mixin.py:112} INFO - [2020-06-18 02:04:23,872] {dagbag.py:396} INFO - Filling up the DagBag from /Users/owner/airflow/dags/tutorial.py
[2020-06-18 02:04:23,881] {scheduler_job.py:1574} INFO - DAG(s) dict_keys(['tutorial']) retrieved from /Users/owner/airflow/dags/tutorial.py
[2020-06-18 02:04:23,913] {scheduler_job.py:162} INFO - Processing /Users/owner/airflow/dags/tutorial.py took 0.055 seconds
[2020-06-18 02:05:16,001] {scheduler_job.py:154} INFO - Started process (PID=68144) to work on /Users/owner/airflow/dags/tutorial.py
[2020-06-18 02:05:16,010] {scheduler_job.py:1562} INFO - Processing file /Users/owner/airflow/dags/tutorial.py for tasks to queue
[2020-06-18 02:05:16,011] {logging_mixin.py:112} INFO - [2020-06-18 02:05:16,011] {dagbag.py:396} INFO - Filling up the DagBag from /Users/owner/airflow/dags/tutorial.py
[2020-06-18 02:05:16,024] {scheduler_job.py:1574} INFO - DAG(s) dict_keys(['tutorial']) retrieved from /Users/owner/airflow/dags/tutorial.py
[2020-06-18 02:05:16,055] {scheduler_job.py:162} INFO - Processing /Users/owner/airflow/dags/tutorial.py took 0.054 seconds
[2020-06-18 02:06:08,178] {scheduler_job.py:154} INFO - Started process (PID=68196) to work on /Users/owner/airflow/dags/tutorial.py
[2020-06-18 02:06:08,192] {scheduler_job.py:1562} INFO - Processing file /Users/owner/airflow/dags/tutorial.py for tasks to queue
[2020-06-18 02:06:08,195] {logging_mixin.py:112} INFO - [2020-06-18 02:06:08,194] {dagbag.py:396} INFO - Filling up the DagBag from /Users/owner/airflow/dags/tutorial.py
[2020-06-18 02:06:08,208] {scheduler_job.py:1574} INFO - DAG(s) dict_keys(['tutorial']) retrieved from /Users/owner/airflow/dags/tutorial.py
[2020-06-18 02:06:08,242] {scheduler_job.py:162} INFO - Processing /Users/owner/airflow/dags/tutorial.py took 0.064 seconds
[2020-06-18 02:07:00,303] {scheduler_job.py:154} INFO - Started process (PID=68233) to work on /Users/owner/airflow/dags/tutorial.py
[2020-06-18 02:07:00,316] {scheduler_job.py:1562} INFO - Processing file /Users/owner/airflow/dags/tutorial.py for tasks to queue
[2020-06-18 02:07:00,318] {logging_mixin.py:112} INFO - [2020-06-18 02:07:00,317] {dagbag.py:396} INFO - Filling up the DagBag from /Users/owner/airflow/dags/tutorial.py
[2020-06-18 02:07:00,327] {scheduler_job.py:1574} INFO - DAG(s) dict_keys(['tutorial']) retrieved from /Users/owner/airflow/dags/tutorial.py
[2020-06-18 02:07:00,360] {scheduler_job.py:162} INFO - Processing /Users/owner/airflow/dags/tutorial.py took 0.056 seconds
[2020-06-18 02:07:52,483] {scheduler_job.py:154} INFO - Started process (PID=68296) to work on /Users/owner/airflow/dags/tutorial.py
[2020-06-18 02:07:52,500] {scheduler_job.py:1562} INFO - Processing file /Users/owner/airflow/dags/tutorial.py for tasks to queue
[2020-06-18 02:07:52,503] {logging_mixin.py:112} INFO - [2020-06-18 02:07:52,502] {dagbag.py:396} INFO - Filling up the DagBag from /Users/owner/airflow/dags/tutorial.py
[2020-06-18 02:07:52,514] {scheduler_job.py:1574} INFO - DAG(s) dict_keys(['tutorial']) retrieved from /Users/owner/airflow/dags/tutorial.py
[2020-06-18 02:07:52,548] {scheduler_job.py:162} INFO - Processing /Users/owner/airflow/dags/tutorial.py took 0.065 seconds
[2020-06-18 02:08:44,579] {scheduler_job.py:154} INFO - Started process (PID=68347) to work on /Users/owner/airflow/dags/tutorial.py
[2020-06-18 02:08:44,592] {scheduler_job.py:1562} INFO - Processing file /Users/owner/airflow/dags/tutorial.py for tasks to queue
[2020-06-18 02:08:44,594] {logging_mixin.py:112} INFO - [2020-06-18 02:08:44,593] {dagbag.py:396} INFO - Filling up the DagBag from /Users/owner/airflow/dags/tutorial.py
[2020-06-18 02:08:44,610] {scheduler_job.py:1574} INFO - DAG(s) dict_keys(['tutorial']) retrieved from /Users/owner/airflow/dags/tutorial.py
[2020-06-18 02:08:44,655] {scheduler_job.py:162} INFO - Processing /Users/owner/airflow/dags/tutorial.py took 0.076 seconds
[2020-06-18 02:11:17,932] {scheduler_job.py:154} INFO - Started process (PID=68411) to work on /Users/owner/airflow/dags/tutorial.py
[2020-06-18 02:11:17,947] {scheduler_job.py:1562} INFO - Processing file /Users/owner/airflow/dags/tutorial.py for tasks to queue
[2020-06-18 02:11:17,950] {logging_mixin.py:112} INFO - [2020-06-18 02:11:17,949] {dagbag.py:396} INFO - Filling up the DagBag from /Users/owner/airflow/dags/tutorial.py
[2020-06-18 02:11:17,982] {scheduler_job.py:1574} INFO - DAG(s) dict_keys(['tutorial']) retrieved from /Users/owner/airflow/dags/tutorial.py
[2020-06-18 02:11:18,049] {scheduler_job.py:162} INFO - Processing /Users/owner/airflow/dags/tutorial.py took 0.117 seconds
[2020-06-18 02:12:10,072] {scheduler_job.py:154} INFO - Started process (PID=68477) to work on /Users/owner/airflow/dags/tutorial.py
[2020-06-18 02:12:10,085] {scheduler_job.py:1562} INFO - Processing file /Users/owner/airflow/dags/tutorial.py for tasks to queue
[2020-06-18 02:12:10,090] {logging_mixin.py:112} INFO - [2020-06-18 02:12:10,087] {dagbag.py:396} INFO - Filling up the DagBag from /Users/owner/airflow/dags/tutorial.py
[2020-06-18 02:12:10,107] {scheduler_job.py:1574} INFO - DAG(s) dict_keys(['tutorial']) retrieved from /Users/owner/airflow/dags/tutorial.py
[2020-06-18 02:12:10,162] {scheduler_job.py:162} INFO - Processing /Users/owner/airflow/dags/tutorial.py took 0.090 seconds
[2020-06-18 02:13:02,225] {scheduler_job.py:154} INFO - Started process (PID=68545) to work on /Users/owner/airflow/dags/tutorial.py
[2020-06-18 02:13:02,244] {scheduler_job.py:1562} INFO - Processing file /Users/owner/airflow/dags/tutorial.py for tasks to queue
[2020-06-18 02:13:02,247] {logging_mixin.py:112} INFO - [2020-06-18 02:13:02,246] {dagbag.py:396} INFO - Filling up the DagBag from /Users/owner/airflow/dags/tutorial.py
[2020-06-18 02:13:02,262] {scheduler_job.py:1574} INFO - DAG(s) dict_keys(['tutorial']) retrieved from /Users/owner/airflow/dags/tutorial.py
[2020-06-18 02:13:02,323] {scheduler_job.py:162} INFO - Processing /Users/owner/airflow/dags/tutorial.py took 0.099 seconds
[2020-06-18 02:13:54,369] {scheduler_job.py:154} INFO - Started process (PID=68631) to work on /Users/owner/airflow/dags/tutorial.py
[2020-06-18 02:13:54,381] {scheduler_job.py:1562} INFO - Processing file /Users/owner/airflow/dags/tutorial.py for tasks to queue
[2020-06-18 02:13:54,382] {logging_mixin.py:112} INFO - [2020-06-18 02:13:54,382] {dagbag.py:396} INFO - Filling up the DagBag from /Users/owner/airflow/dags/tutorial.py
[2020-06-18 02:13:54,395] {scheduler_job.py:1574} INFO - DAG(s) dict_keys(['tutorial']) retrieved from /Users/owner/airflow/dags/tutorial.py
[2020-06-18 02:13:54,434] {scheduler_job.py:162} INFO - Processing /Users/owner/airflow/dags/tutorial.py took 0.065 seconds
[2020-06-18 02:14:43,698] {scheduler_job.py:154} INFO - Started process (PID=68705) to work on /Users/owner/airflow/dags/tutorial.py
[2020-06-18 02:14:43,723] {scheduler_job.py:1562} INFO - Processing file /Users/owner/airflow/dags/tutorial.py for tasks to queue
[2020-06-18 02:14:43,726] {logging_mixin.py:112} INFO - [2020-06-18 02:14:43,725] {dagbag.py:396} INFO - Filling up the DagBag from /Users/owner/airflow/dags/tutorial.py
[2020-06-18 02:14:43,735] {scheduler_job.py:1574} INFO - DAG(s) dict_keys(['tutorial']) retrieved from /Users/owner/airflow/dags/tutorial.py
[2020-06-18 02:14:43,777] {scheduler_job.py:162} INFO - Processing /Users/owner/airflow/dags/tutorial.py took 0.080 seconds
[2020-06-18 02:15:35,827] {scheduler_job.py:154} INFO - Started process (PID=68774) to work on /Users/owner/airflow/dags/tutorial.py
[2020-06-18 02:15:35,841] {scheduler_job.py:1562} INFO - Processing file /Users/owner/airflow/dags/tutorial.py for tasks to queue
[2020-06-18 02:15:35,843] {logging_mixin.py:112} INFO - [2020-06-18 02:15:35,842] {dagbag.py:396} INFO - Filling up the DagBag from /Users/owner/airflow/dags/tutorial.py
[2020-06-18 02:15:35,855] {scheduler_job.py:1574} INFO - DAG(s) dict_keys(['tutorial']) retrieved from /Users/owner/airflow/dags/tutorial.py
[2020-06-18 02:15:35,886] {scheduler_job.py:162} INFO - Processing /Users/owner/airflow/dags/tutorial.py took 0.059 seconds
[2020-06-18 02:16:27,990] {scheduler_job.py:154} INFO - Started process (PID=68838) to work on /Users/owner/airflow/dags/tutorial.py
[2020-06-18 02:16:28,020] {scheduler_job.py:1562} INFO - Processing file /Users/owner/airflow/dags/tutorial.py for tasks to queue
[2020-06-18 02:16:28,027] {logging_mixin.py:112} INFO - [2020-06-18 02:16:28,026] {dagbag.py:396} INFO - Filling up the DagBag from /Users/owner/airflow/dags/tutorial.py
[2020-06-18 02:16:28,053] {scheduler_job.py:1574} INFO - DAG(s) dict_keys(['tutorial']) retrieved from /Users/owner/airflow/dags/tutorial.py
[2020-06-18 02:16:28,160] {scheduler_job.py:162} INFO - Processing /Users/owner/airflow/dags/tutorial.py took 0.171 seconds
[2020-06-18 02:17:20,075] {scheduler_job.py:154} INFO - Started process (PID=68883) to work on /Users/owner/airflow/dags/tutorial.py
[2020-06-18 02:17:20,090] {scheduler_job.py:1562} INFO - Processing file /Users/owner/airflow/dags/tutorial.py for tasks to queue
[2020-06-18 02:17:20,092] {logging_mixin.py:112} INFO - [2020-06-18 02:17:20,091] {dagbag.py:396} INFO - Filling up the DagBag from /Users/owner/airflow/dags/tutorial.py
[2020-06-18 02:17:20,107] {scheduler_job.py:1574} INFO - DAG(s) dict_keys(['tutorial']) retrieved from /Users/owner/airflow/dags/tutorial.py
[2020-06-18 02:17:20,145] {scheduler_job.py:162} INFO - Processing /Users/owner/airflow/dags/tutorial.py took 0.070 seconds
[2020-06-18 02:18:22,331] {scheduler_job.py:154} INFO - Started process (PID=68974) to work on /Users/owner/airflow/dags/tutorial.py
[2020-06-18 02:18:22,349] {scheduler_job.py:1562} INFO - Processing file /Users/owner/airflow/dags/tutorial.py for tasks to queue
[2020-06-18 02:18:22,352] {logging_mixin.py:112} INFO - [2020-06-18 02:18:22,351] {dagbag.py:396} INFO - Filling up the DagBag from /Users/owner/airflow/dags/tutorial.py
[2020-06-18 02:18:22,368] {scheduler_job.py:1574} INFO - DAG(s) dict_keys(['tutorial']) retrieved from /Users/owner/airflow/dags/tutorial.py
[2020-06-18 02:18:22,403] {scheduler_job.py:162} INFO - Processing /Users/owner/airflow/dags/tutorial.py took 0.072 seconds
[2020-06-18 02:19:14,447] {scheduler_job.py:154} INFO - Started process (PID=69012) to work on /Users/owner/airflow/dags/tutorial.py
[2020-06-18 02:19:14,458] {scheduler_job.py:1562} INFO - Processing file /Users/owner/airflow/dags/tutorial.py for tasks to queue
[2020-06-18 02:19:14,460] {logging_mixin.py:112} INFO - [2020-06-18 02:19:14,459] {dagbag.py:396} INFO - Filling up the DagBag from /Users/owner/airflow/dags/tutorial.py
[2020-06-18 02:19:14,473] {scheduler_job.py:1574} INFO - DAG(s) dict_keys(['tutorial']) retrieved from /Users/owner/airflow/dags/tutorial.py
[2020-06-18 02:19:14,503] {scheduler_job.py:162} INFO - Processing /Users/owner/airflow/dags/tutorial.py took 0.056 seconds
[2020-06-18 02:20:06,593] {scheduler_job.py:154} INFO - Started process (PID=69053) to work on /Users/owner/airflow/dags/tutorial.py
[2020-06-18 02:20:06,606] {scheduler_job.py:1562} INFO - Processing file /Users/owner/airflow/dags/tutorial.py for tasks to queue
[2020-06-18 02:20:06,615] {logging_mixin.py:112} INFO - [2020-06-18 02:20:06,614] {dagbag.py:396} INFO - Filling up the DagBag from /Users/owner/airflow/dags/tutorial.py
[2020-06-18 02:20:06,628] {scheduler_job.py:1574} INFO - DAG(s) dict_keys(['tutorial']) retrieved from /Users/owner/airflow/dags/tutorial.py
[2020-06-18 02:20:06,669] {scheduler_job.py:162} INFO - Processing /Users/owner/airflow/dags/tutorial.py took 0.076 seconds
[2020-06-18 02:20:58,722] {scheduler_job.py:154} INFO - Started process (PID=69096) to work on /Users/owner/airflow/dags/tutorial.py
[2020-06-18 02:20:58,741] {scheduler_job.py:1562} INFO - Processing file /Users/owner/airflow/dags/tutorial.py for tasks to queue
[2020-06-18 02:20:58,743] {logging_mixin.py:112} INFO - [2020-06-18 02:20:58,742] {dagbag.py:396} INFO - Filling up the DagBag from /Users/owner/airflow/dags/tutorial.py
[2020-06-18 02:20:58,761] {scheduler_job.py:1574} INFO - DAG(s) dict_keys(['tutorial']) retrieved from /Users/owner/airflow/dags/tutorial.py
[2020-06-18 02:20:58,801] {scheduler_job.py:162} INFO - Processing /Users/owner/airflow/dags/tutorial.py took 0.080 seconds
[2020-06-18 02:21:50,851] {scheduler_job.py:154} INFO - Started process (PID=69149) to work on /Users/owner/airflow/dags/tutorial.py
[2020-06-18 02:21:50,865] {scheduler_job.py:1562} INFO - Processing file /Users/owner/airflow/dags/tutorial.py for tasks to queue
[2020-06-18 02:21:50,868] {logging_mixin.py:112} INFO - [2020-06-18 02:21:50,867] {dagbag.py:396} INFO - Filling up the DagBag from /Users/owner/airflow/dags/tutorial.py
[2020-06-18 02:21:50,924] {scheduler_job.py:1574} INFO - DAG(s) dict_keys(['tutorial']) retrieved from /Users/owner/airflow/dags/tutorial.py
[2020-06-18 02:21:51,018] {scheduler_job.py:162} INFO - Processing /Users/owner/airflow/dags/tutorial.py took 0.167 seconds
[2020-06-18 02:22:24,513] {scheduler_job.py:154} INFO - Started process (PID=69217) to work on /Users/owner/airflow/dags/tutorial.py
[2020-06-18 02:22:24,525] {scheduler_job.py:1562} INFO - Processing file /Users/owner/airflow/dags/tutorial.py for tasks to queue
[2020-06-18 02:22:24,528] {logging_mixin.py:112} INFO - [2020-06-18 02:22:24,527] {dagbag.py:396} INFO - Filling up the DagBag from /Users/owner/airflow/dags/tutorial.py
[2020-06-18 02:22:24,541] {scheduler_job.py:1574} INFO - DAG(s) dict_keys(['tutorial']) retrieved from /Users/owner/airflow/dags/tutorial.py
[2020-06-18 02:22:24,587] {scheduler_job.py:162} INFO - Processing /Users/owner/airflow/dags/tutorial.py took 0.074 seconds
[2020-06-18 02:23:16,650] {scheduler_job.py:154} INFO - Started process (PID=69255) to work on /Users/owner/airflow/dags/tutorial.py
[2020-06-18 02:23:16,660] {scheduler_job.py:1562} INFO - Processing file /Users/owner/airflow/dags/tutorial.py for tasks to queue
[2020-06-18 02:23:16,662] {logging_mixin.py:112} INFO - [2020-06-18 02:23:16,661] {dagbag.py:396} INFO - Filling up the DagBag from /Users/owner/airflow/dags/tutorial.py
[2020-06-18 02:23:16,672] {scheduler_job.py:1574} INFO - DAG(s) dict_keys(['tutorial']) retrieved from /Users/owner/airflow/dags/tutorial.py
[2020-06-18 02:23:16,706] {scheduler_job.py:162} INFO - Processing /Users/owner/airflow/dags/tutorial.py took 0.056 seconds
[2020-06-18 02:24:08,806] {scheduler_job.py:154} INFO - Started process (PID=69296) to work on /Users/owner/airflow/dags/tutorial.py
[2020-06-18 02:24:08,825] {scheduler_job.py:1562} INFO - Processing file /Users/owner/airflow/dags/tutorial.py for tasks to queue
[2020-06-18 02:24:08,827] {logging_mixin.py:112} INFO - [2020-06-18 02:24:08,827] {dagbag.py:396} INFO - Filling up the DagBag from /Users/owner/airflow/dags/tutorial.py
[2020-06-18 02:24:08,838] {scheduler_job.py:1574} INFO - DAG(s) dict_keys(['tutorial']) retrieved from /Users/owner/airflow/dags/tutorial.py
[2020-06-18 02:24:08,867] {scheduler_job.py:162} INFO - Processing /Users/owner/airflow/dags/tutorial.py took 0.061 seconds
[2020-06-18 02:25:00,984] {scheduler_job.py:154} INFO - Started process (PID=69341) to work on /Users/owner/airflow/dags/tutorial.py
[2020-06-18 02:25:01,002] {scheduler_job.py:1562} INFO - Processing file /Users/owner/airflow/dags/tutorial.py for tasks to queue
[2020-06-18 02:25:01,005] {logging_mixin.py:112} INFO - [2020-06-18 02:25:01,004] {dagbag.py:396} INFO - Filling up the DagBag from /Users/owner/airflow/dags/tutorial.py
[2020-06-18 02:25:01,022] {scheduler_job.py:1574} INFO - DAG(s) dict_keys(['tutorial']) retrieved from /Users/owner/airflow/dags/tutorial.py
[2020-06-18 02:25:01,141] {scheduler_job.py:162} INFO - Processing /Users/owner/airflow/dags/tutorial.py took 0.157 seconds
[2020-06-18 02:25:50,073] {scheduler_job.py:154} INFO - Started process (PID=69415) to work on /Users/owner/airflow/dags/tutorial.py
[2020-06-18 02:25:50,086] {scheduler_job.py:1562} INFO - Processing file /Users/owner/airflow/dags/tutorial.py for tasks to queue
[2020-06-18 02:25:50,087] {logging_mixin.py:112} INFO - [2020-06-18 02:25:50,087] {dagbag.py:396} INFO - Filling up the DagBag from /Users/owner/airflow/dags/tutorial.py
[2020-06-18 02:25:50,101] {scheduler_job.py:1574} INFO - DAG(s) dict_keys(['tutorial']) retrieved from /Users/owner/airflow/dags/tutorial.py
[2020-06-18 02:25:50,135] {scheduler_job.py:162} INFO - Processing /Users/owner/airflow/dags/tutorial.py took 0.061 seconds
[2020-06-18 02:26:42,212] {scheduler_job.py:154} INFO - Started process (PID=69462) to work on /Users/owner/airflow/dags/tutorial.py
[2020-06-18 02:26:42,227] {scheduler_job.py:1562} INFO - Processing file /Users/owner/airflow/dags/tutorial.py for tasks to queue
[2020-06-18 02:26:42,230] {logging_mixin.py:112} INFO - [2020-06-18 02:26:42,229] {dagbag.py:396} INFO - Filling up the DagBag from /Users/owner/airflow/dags/tutorial.py
[2020-06-18 02:26:42,245] {scheduler_job.py:1574} INFO - DAG(s) dict_keys(['tutorial']) retrieved from /Users/owner/airflow/dags/tutorial.py
[2020-06-18 02:26:42,285] {scheduler_job.py:162} INFO - Processing /Users/owner/airflow/dags/tutorial.py took 0.073 seconds
[2020-06-18 02:27:34,334] {scheduler_job.py:154} INFO - Started process (PID=69519) to work on /Users/owner/airflow/dags/tutorial.py
[2020-06-18 02:27:34,345] {scheduler_job.py:1562} INFO - Processing file /Users/owner/airflow/dags/tutorial.py for tasks to queue
[2020-06-18 02:27:34,348] {logging_mixin.py:112} INFO - [2020-06-18 02:27:34,347] {dagbag.py:396} INFO - Filling up the DagBag from /Users/owner/airflow/dags/tutorial.py
[2020-06-18 02:27:34,359] {scheduler_job.py:1574} INFO - DAG(s) dict_keys(['tutorial']) retrieved from /Users/owner/airflow/dags/tutorial.py
[2020-06-18 02:27:34,395] {scheduler_job.py:162} INFO - Processing /Users/owner/airflow/dags/tutorial.py took 0.061 seconds
[2020-06-18 02:28:58,551] {scheduler_job.py:154} INFO - Started process (PID=69605) to work on /Users/owner/airflow/dags/tutorial.py
[2020-06-18 02:28:58,562] {scheduler_job.py:1562} INFO - Processing file /Users/owner/airflow/dags/tutorial.py for tasks to queue
[2020-06-18 02:28:58,564] {logging_mixin.py:112} INFO - [2020-06-18 02:28:58,563] {dagbag.py:396} INFO - Filling up the DagBag from /Users/owner/airflow/dags/tutorial.py
[2020-06-18 02:28:58,573] {scheduler_job.py:1574} INFO - DAG(s) dict_keys(['tutorial']) retrieved from /Users/owner/airflow/dags/tutorial.py
[2020-06-18 02:28:58,604] {scheduler_job.py:162} INFO - Processing /Users/owner/airflow/dags/tutorial.py took 0.054 seconds
[2020-06-18 02:29:50,795] {scheduler_job.py:154} INFO - Started process (PID=69649) to work on /Users/owner/airflow/dags/tutorial.py
[2020-06-18 02:29:50,811] {scheduler_job.py:1562} INFO - Processing file /Users/owner/airflow/dags/tutorial.py for tasks to queue
[2020-06-18 02:29:50,813] {logging_mixin.py:112} INFO - [2020-06-18 02:29:50,813] {dagbag.py:396} INFO - Filling up the DagBag from /Users/owner/airflow/dags/tutorial.py
[2020-06-18 02:29:50,830] {scheduler_job.py:1574} INFO - DAG(s) dict_keys(['tutorial']) retrieved from /Users/owner/airflow/dags/tutorial.py
[2020-06-18 02:29:50,875] {scheduler_job.py:162} INFO - Processing /Users/owner/airflow/dags/tutorial.py took 0.081 seconds
[2020-06-18 02:30:42,931] {scheduler_job.py:154} INFO - Started process (PID=69692) to work on /Users/owner/airflow/dags/tutorial.py
[2020-06-18 02:30:42,946] {scheduler_job.py:1562} INFO - Processing file /Users/owner/airflow/dags/tutorial.py for tasks to queue
[2020-06-18 02:30:42,948] {logging_mixin.py:112} INFO - [2020-06-18 02:30:42,948] {dagbag.py:396} INFO - Filling up the DagBag from /Users/owner/airflow/dags/tutorial.py
[2020-06-18 02:30:42,960] {scheduler_job.py:1574} INFO - DAG(s) dict_keys(['tutorial']) retrieved from /Users/owner/airflow/dags/tutorial.py
[2020-06-18 02:30:43,005] {scheduler_job.py:162} INFO - Processing /Users/owner/airflow/dags/tutorial.py took 0.074 seconds
[2020-06-18 02:31:49,603] {scheduler_job.py:154} INFO - Started process (PID=69757) to work on /Users/owner/airflow/dags/tutorial.py
[2020-06-18 02:31:49,619] {scheduler_job.py:1562} INFO - Processing file /Users/owner/airflow/dags/tutorial.py for tasks to queue
[2020-06-18 02:31:49,622] {logging_mixin.py:112} INFO - [2020-06-18 02:31:49,620] {dagbag.py:396} INFO - Filling up the DagBag from /Users/owner/airflow/dags/tutorial.py
[2020-06-18 02:31:49,640] {scheduler_job.py:1574} INFO - DAG(s) dict_keys(['tutorial']) retrieved from /Users/owner/airflow/dags/tutorial.py
[2020-06-18 02:31:49,700] {scheduler_job.py:162} INFO - Processing /Users/owner/airflow/dags/tutorial.py took 0.097 seconds
[2020-06-18 02:32:56,675] {scheduler_job.py:154} INFO - Started process (PID=69818) to work on /Users/owner/airflow/dags/tutorial.py
[2020-06-18 02:32:56,692] {scheduler_job.py:1562} INFO - Processing file /Users/owner/airflow/dags/tutorial.py for tasks to queue
[2020-06-18 02:32:56,695] {logging_mixin.py:112} INFO - [2020-06-18 02:32:56,694] {dagbag.py:396} INFO - Filling up the DagBag from /Users/owner/airflow/dags/tutorial.py
[2020-06-18 02:32:56,712] {scheduler_job.py:1574} INFO - DAG(s) dict_keys(['tutorial']) retrieved from /Users/owner/airflow/dags/tutorial.py
[2020-06-18 02:32:56,754] {scheduler_job.py:162} INFO - Processing /Users/owner/airflow/dags/tutorial.py took 0.080 seconds
[2020-06-18 02:33:48,804] {scheduler_job.py:154} INFO - Started process (PID=69889) to work on /Users/owner/airflow/dags/tutorial.py
[2020-06-18 02:33:48,822] {scheduler_job.py:1562} INFO - Processing file /Users/owner/airflow/dags/tutorial.py for tasks to queue
[2020-06-18 02:33:48,824] {logging_mixin.py:112} INFO - [2020-06-18 02:33:48,823] {dagbag.py:396} INFO - Filling up the DagBag from /Users/owner/airflow/dags/tutorial.py
[2020-06-18 02:33:48,839] {scheduler_job.py:1574} INFO - DAG(s) dict_keys(['tutorial']) retrieved from /Users/owner/airflow/dags/tutorial.py
[2020-06-18 02:33:48,872] {scheduler_job.py:162} INFO - Processing /Users/owner/airflow/dags/tutorial.py took 0.068 seconds
[2020-06-18 02:35:56,752] {scheduler_job.py:154} INFO - Started process (PID=70034) to work on /Users/owner/airflow/dags/tutorial.py
[2020-06-18 02:35:56,763] {scheduler_job.py:1562} INFO - Processing file /Users/owner/airflow/dags/tutorial.py for tasks to queue
[2020-06-18 02:35:56,764] {logging_mixin.py:112} INFO - [2020-06-18 02:35:56,764] {dagbag.py:396} INFO - Filling up the DagBag from /Users/owner/airflow/dags/tutorial.py
[2020-06-18 02:35:56,774] {scheduler_job.py:1574} INFO - DAG(s) dict_keys(['tutorial']) retrieved from /Users/owner/airflow/dags/tutorial.py
[2020-06-18 02:35:56,817] {scheduler_job.py:162} INFO - Processing /Users/owner/airflow/dags/tutorial.py took 0.065 seconds
[2020-06-18 02:36:48,908] {scheduler_job.py:154} INFO - Started process (PID=70075) to work on /Users/owner/airflow/dags/tutorial.py
[2020-06-18 02:36:48,918] {scheduler_job.py:1562} INFO - Processing file /Users/owner/airflow/dags/tutorial.py for tasks to queue
[2020-06-18 02:36:48,920] {logging_mixin.py:112} INFO - [2020-06-18 02:36:48,919] {dagbag.py:396} INFO - Filling up the DagBag from /Users/owner/airflow/dags/tutorial.py
[2020-06-18 02:36:48,930] {scheduler_job.py:1574} INFO - DAG(s) dict_keys(['tutorial']) retrieved from /Users/owner/airflow/dags/tutorial.py
[2020-06-18 02:36:48,959] {scheduler_job.py:162} INFO - Processing /Users/owner/airflow/dags/tutorial.py took 0.051 seconds
[2020-06-18 02:37:41,055] {scheduler_job.py:154} INFO - Started process (PID=70141) to work on /Users/owner/airflow/dags/tutorial.py
[2020-06-18 02:37:41,067] {scheduler_job.py:1562} INFO - Processing file /Users/owner/airflow/dags/tutorial.py for tasks to queue
[2020-06-18 02:37:41,071] {logging_mixin.py:112} INFO - [2020-06-18 02:37:41,070] {dagbag.py:396} INFO - Filling up the DagBag from /Users/owner/airflow/dags/tutorial.py
[2020-06-18 02:37:41,093] {scheduler_job.py:1574} INFO - DAG(s) dict_keys(['tutorial']) retrieved from /Users/owner/airflow/dags/tutorial.py
[2020-06-18 02:37:41,134] {scheduler_job.py:162} INFO - Processing /Users/owner/airflow/dags/tutorial.py took 0.079 seconds
