[2020-06-05 03:24:56,013] {taskinstance.py:669} INFO - Dependencies all met for <TaskInstance: tutorial.print_date 2015-06-04T00:00:00+00:00 [queued]>
[2020-06-05 03:24:56,024] {taskinstance.py:669} INFO - Dependencies all met for <TaskInstance: tutorial.print_date 2015-06-04T00:00:00+00:00 [queued]>
[2020-06-05 03:24:56,024] {taskinstance.py:879} INFO - 
--------------------------------------------------------------------------------
[2020-06-05 03:24:56,024] {taskinstance.py:880} INFO - Starting attempt 1 of 2
[2020-06-05 03:24:56,024] {taskinstance.py:881} INFO - 
--------------------------------------------------------------------------------
[2020-06-05 03:24:56,033] {taskinstance.py:900} INFO - Executing <Task(BashOperator): print_date> on 2015-06-04T00:00:00+00:00
[2020-06-05 03:24:56,037] {standard_task_runner.py:53} INFO - Started process 13875 to run task
[2020-06-05 03:24:56,135] {logging_mixin.py:112} INFO - Running %s on host %s <TaskInstance: tutorial.print_date 2015-06-04T00:00:00+00:00 [running]> 1.0.0.0.0.0.0.0.0.0.0.0.0.0.0.0.0.0.0.0.0.0.0.0.0.0.0.0.0.0.0.0.ip6.arpa
[2020-06-05 03:24:56,161] {bash_operator.py:82} INFO - Tmp dir root location: 
 /var/folders/jk/bwh6mk3d71s4w_mb373dxcsr0000gn/T
[2020-06-05 03:24:56,163] {bash_operator.py:103} INFO - Temporary script location: /var/folders/jk/bwh6mk3d71s4w_mb373dxcsr0000gn/T/airflowtmpxsopnx6q/print_datehjaq2mx0
[2020-06-05 03:24:56,163] {bash_operator.py:115} INFO - Running command: date
[2020-06-05 03:24:56,172] {bash_operator.py:122} INFO - Output:
[2020-06-05 03:24:56,180] {bash_operator.py:126} INFO - Fri Jun  5 03:24:56 EDT 2020
[2020-06-05 03:24:56,181] {bash_operator.py:128} INFO - Command exited with return code 0
[2020-06-05 03:24:56,190] {taskinstance.py:1052} INFO - Marking task as SUCCESS.dag_id=tutorial, task_id=print_date, execution_date=20150604T000000, start_date=20200605T072456, end_date=20200605T072456
[2020-06-05 03:25:06,013] {logging_mixin.py:112} INFO - [2020-06-05 03:25:06,012] {local_task_job.py:103} INFO - Task exited with return code 0
[2020-06-12 09:13:10,110] {taskinstance.py:669} INFO - Dependencies all met for <TaskInstance: tutorial.print_date 2015-06-04T00:00:00+00:00 [queued]>
[2020-06-12 09:13:10,119] {taskinstance.py:669} INFO - Dependencies all met for <TaskInstance: tutorial.print_date 2015-06-04T00:00:00+00:00 [queued]>
[2020-06-12 09:13:10,119] {taskinstance.py:879} INFO - 
--------------------------------------------------------------------------------
[2020-06-12 09:13:10,119] {taskinstance.py:880} INFO - Starting attempt 1 of 2
[2020-06-12 09:13:10,119] {taskinstance.py:881} INFO - 
--------------------------------------------------------------------------------
[2020-06-12 09:13:10,131] {taskinstance.py:900} INFO - Executing <Task(BashOperator): print_date> on 2015-06-04T00:00:00+00:00
[2020-06-12 09:13:10,133] {standard_task_runner.py:53} INFO - Started process 18107 to run task
[2020-06-12 09:13:10,227] {logging_mixin.py:112} INFO - Running %s on host %s <TaskInstance: tutorial.print_date 2015-06-04T00:00:00+00:00 [running]> 1.0.0.0.0.0.0.0.0.0.0.0.0.0.0.0.0.0.0.0.0.0.0.0.0.0.0.0.0.0.0.0.ip6.arpa
[2020-06-12 09:13:10,248] {bash_operator.py:82} INFO - Tmp dir root location: 
 /var/folders/jk/bwh6mk3d71s4w_mb373dxcsr0000gn/T
[2020-06-12 09:13:10,249] {bash_operator.py:103} INFO - Temporary script location: /var/folders/jk/bwh6mk3d71s4w_mb373dxcsr0000gn/T/airflowtmpzcz5_jpu/print_dateznbz840r
[2020-06-12 09:13:10,250] {bash_operator.py:115} INFO - Running command: date
[2020-06-12 09:13:10,260] {bash_operator.py:122} INFO - Output:
[2020-06-12 09:13:10,268] {bash_operator.py:126} INFO - Fri Jun 12 09:13:10 EDT 2020
[2020-06-12 09:13:10,269] {bash_operator.py:128} INFO - Command exited with return code 0
[2020-06-12 09:13:10,282] {taskinstance.py:1052} INFO - Marking task as SUCCESS.dag_id=tutorial, task_id=print_date, execution_date=20150604T000000, start_date=20200612T131310, end_date=20200612T131310
