[2020-06-05 03:24:41,383] {taskinstance.py:669} INFO - Dependencies all met for <TaskInstance: tutorial.print_date 2015-06-03T00:00:00+00:00 [queued]>
[2020-06-05 03:24:41,394] {taskinstance.py:669} INFO - Dependencies all met for <TaskInstance: tutorial.print_date 2015-06-03T00:00:00+00:00 [queued]>
[2020-06-05 03:24:41,394] {taskinstance.py:879} INFO - 
--------------------------------------------------------------------------------
[2020-06-05 03:24:41,394] {taskinstance.py:880} INFO - Starting attempt 1 of 2
[2020-06-05 03:24:41,394] {taskinstance.py:881} INFO - 
--------------------------------------------------------------------------------
[2020-06-05 03:24:41,403] {taskinstance.py:900} INFO - Executing <Task(BashOperator): print_date> on 2015-06-03T00:00:00+00:00
[2020-06-05 03:24:41,406] {standard_task_runner.py:53} INFO - Started process 13857 to run task
[2020-06-05 03:24:41,500] {logging_mixin.py:112} INFO - Running %s on host %s <TaskInstance: tutorial.print_date 2015-06-03T00:00:00+00:00 [running]> 1.0.0.0.0.0.0.0.0.0.0.0.0.0.0.0.0.0.0.0.0.0.0.0.0.0.0.0.0.0.0.0.ip6.arpa
[2020-06-05 03:24:41,522] {bash_operator.py:82} INFO - Tmp dir root location: 
 /var/folders/jk/bwh6mk3d71s4w_mb373dxcsr0000gn/T
[2020-06-05 03:24:41,524] {bash_operator.py:103} INFO - Temporary script location: /var/folders/jk/bwh6mk3d71s4w_mb373dxcsr0000gn/T/airflowtmpj4mgwk1e/print_dateigbpj5d7
[2020-06-05 03:24:41,524] {bash_operator.py:115} INFO - Running command: date
[2020-06-05 03:24:41,533] {bash_operator.py:122} INFO - Output:
[2020-06-05 03:24:41,540] {bash_operator.py:126} INFO - Fri Jun  5 03:24:41 EDT 2020
[2020-06-05 03:24:41,541] {bash_operator.py:128} INFO - Command exited with return code 0
[2020-06-05 03:24:41,550] {taskinstance.py:1052} INFO - Marking task as SUCCESS.dag_id=tutorial, task_id=print_date, execution_date=20150603T000000, start_date=20200605T072441, end_date=20200605T072441
[2020-06-05 03:24:45,070] {helpers.py:325} INFO - Sending Signals.SIGTERM to GPID 13857
[2020-06-12 09:12:57,283] {taskinstance.py:669} INFO - Dependencies all met for <TaskInstance: tutorial.print_date 2015-06-03T00:00:00+00:00 [queued]>
[2020-06-12 09:12:57,298] {taskinstance.py:669} INFO - Dependencies all met for <TaskInstance: tutorial.print_date 2015-06-03T00:00:00+00:00 [queued]>
[2020-06-12 09:12:57,298] {taskinstance.py:879} INFO - 
--------------------------------------------------------------------------------
[2020-06-12 09:12:57,298] {taskinstance.py:880} INFO - Starting attempt 1 of 2
[2020-06-12 09:12:57,299] {taskinstance.py:881} INFO - 
--------------------------------------------------------------------------------
[2020-06-12 09:12:57,310] {taskinstance.py:900} INFO - Executing <Task(BashOperator): print_date> on 2015-06-03T00:00:00+00:00
[2020-06-12 09:12:57,313] {standard_task_runner.py:53} INFO - Started process 18095 to run task
[2020-06-12 09:12:57,420] {logging_mixin.py:112} INFO - Running %s on host %s <TaskInstance: tutorial.print_date 2015-06-03T00:00:00+00:00 [running]> 1.0.0.0.0.0.0.0.0.0.0.0.0.0.0.0.0.0.0.0.0.0.0.0.0.0.0.0.0.0.0.0.ip6.arpa
[2020-06-12 09:12:57,444] {bash_operator.py:82} INFO - Tmp dir root location: 
 /var/folders/jk/bwh6mk3d71s4w_mb373dxcsr0000gn/T
[2020-06-12 09:12:57,446] {bash_operator.py:103} INFO - Temporary script location: /var/folders/jk/bwh6mk3d71s4w_mb373dxcsr0000gn/T/airflowtmppmaljy81/print_dateahx15exq
[2020-06-12 09:12:57,447] {bash_operator.py:115} INFO - Running command: date
[2020-06-12 09:12:57,457] {bash_operator.py:122} INFO - Output:
[2020-06-12 09:12:57,466] {bash_operator.py:126} INFO - Fri Jun 12 09:12:57 EDT 2020
[2020-06-12 09:12:57,468] {bash_operator.py:128} INFO - Command exited with return code 0
[2020-06-12 09:12:57,482] {taskinstance.py:1052} INFO - Marking task as SUCCESS.dag_id=tutorial, task_id=print_date, execution_date=20150603T000000, start_date=20200612T131257, end_date=20200612T131257
[2020-06-12 09:13:07,260] {logging_mixin.py:112} INFO - [2020-06-12 09:13:07,259] {local_task_job.py:103} INFO - Task exited with return code 0
