[2020-06-05 03:24:28,949] {taskinstance.py:669} INFO - Dependencies all met for <TaskInstance: tutorial.print_date 2015-06-02T00:00:00+00:00 [queued]>
[2020-06-05 03:24:28,959] {taskinstance.py:669} INFO - Dependencies all met for <TaskInstance: tutorial.print_date 2015-06-02T00:00:00+00:00 [queued]>
[2020-06-05 03:24:28,959] {taskinstance.py:879} INFO - 
--------------------------------------------------------------------------------
[2020-06-05 03:24:28,959] {taskinstance.py:880} INFO - Starting attempt 1 of 2
[2020-06-05 03:24:28,959] {taskinstance.py:881} INFO - 
--------------------------------------------------------------------------------
[2020-06-05 03:24:28,967] {taskinstance.py:900} INFO - Executing <Task(BashOperator): print_date> on 2015-06-02T00:00:00+00:00
[2020-06-05 03:24:28,971] {standard_task_runner.py:53} INFO - Started process 13849 to run task
[2020-06-05 03:24:29,061] {logging_mixin.py:112} INFO - Running %s on host %s <TaskInstance: tutorial.print_date 2015-06-02T00:00:00+00:00 [running]> 1.0.0.0.0.0.0.0.0.0.0.0.0.0.0.0.0.0.0.0.0.0.0.0.0.0.0.0.0.0.0.0.ip6.arpa
[2020-06-05 03:24:29,085] {bash_operator.py:82} INFO - Tmp dir root location: 
 /var/folders/jk/bwh6mk3d71s4w_mb373dxcsr0000gn/T
[2020-06-05 03:24:29,087] {bash_operator.py:103} INFO - Temporary script location: /var/folders/jk/bwh6mk3d71s4w_mb373dxcsr0000gn/T/airflowtmp20s9npo0/print_dateicanfdg7
[2020-06-05 03:24:29,087] {bash_operator.py:115} INFO - Running command: date
[2020-06-05 03:24:29,096] {bash_operator.py:122} INFO - Output:
[2020-06-05 03:24:29,103] {bash_operator.py:126} INFO - Fri Jun  5 03:24:29 EDT 2020
[2020-06-05 03:24:29,104] {bash_operator.py:128} INFO - Command exited with return code 0
[2020-06-05 03:24:29,113] {taskinstance.py:1052} INFO - Marking task as SUCCESS.dag_id=tutorial, task_id=print_date, execution_date=20150602T000000, start_date=20200605T072428, end_date=20200605T072429
[2020-06-05 03:24:38,942] {logging_mixin.py:112} INFO - [2020-06-05 03:24:38,941] {local_task_job.py:103} INFO - Task exited with return code 0
[2020-06-12 09:12:43,265] {taskinstance.py:669} INFO - Dependencies all met for <TaskInstance: tutorial.print_date 2015-06-02T00:00:00+00:00 [queued]>
[2020-06-12 09:12:43,278] {taskinstance.py:669} INFO - Dependencies all met for <TaskInstance: tutorial.print_date 2015-06-02T00:00:00+00:00 [queued]>
[2020-06-12 09:12:43,279] {taskinstance.py:879} INFO - 
--------------------------------------------------------------------------------
[2020-06-12 09:12:43,279] {taskinstance.py:880} INFO - Starting attempt 1 of 2
[2020-06-12 09:12:43,279] {taskinstance.py:881} INFO - 
--------------------------------------------------------------------------------
[2020-06-12 09:12:43,289] {taskinstance.py:900} INFO - Executing <Task(BashOperator): print_date> on 2015-06-02T00:00:00+00:00
[2020-06-12 09:12:43,292] {standard_task_runner.py:53} INFO - Started process 18083 to run task
[2020-06-12 09:12:43,382] {logging_mixin.py:112} INFO - Running %s on host %s <TaskInstance: tutorial.print_date 2015-06-02T00:00:00+00:00 [running]> 1.0.0.0.0.0.0.0.0.0.0.0.0.0.0.0.0.0.0.0.0.0.0.0.0.0.0.0.0.0.0.0.ip6.arpa
[2020-06-12 09:12:43,406] {bash_operator.py:82} INFO - Tmp dir root location: 
 /var/folders/jk/bwh6mk3d71s4w_mb373dxcsr0000gn/T
[2020-06-12 09:12:43,409] {bash_operator.py:103} INFO - Temporary script location: /var/folders/jk/bwh6mk3d71s4w_mb373dxcsr0000gn/T/airflowtmpua91iwz7/print_dateh8lw47kp
[2020-06-12 09:12:43,409] {bash_operator.py:115} INFO - Running command: date
[2020-06-12 09:12:43,427] {bash_operator.py:122} INFO - Output:
[2020-06-12 09:12:43,447] {bash_operator.py:126} INFO - Fri Jun 12 09:12:43 EDT 2020
[2020-06-12 09:12:43,448] {bash_operator.py:128} INFO - Command exited with return code 0
[2020-06-12 09:12:43,458] {taskinstance.py:1052} INFO - Marking task as SUCCESS.dag_id=tutorial, task_id=print_date, execution_date=20150602T000000, start_date=20200612T131243, end_date=20200612T131243
[2020-06-12 09:12:53,248] {logging_mixin.py:112} INFO - [2020-06-12 09:12:53,248] {local_task_job.py:103} INFO - Task exited with return code 0
