[2020-06-05 03:25:08,567] {taskinstance.py:669} INFO - Dependencies all met for <TaskInstance: tutorial.print_date 2015-06-05T00:00:00+00:00 [queued]>
[2020-06-05 03:25:08,577] {taskinstance.py:669} INFO - Dependencies all met for <TaskInstance: tutorial.print_date 2015-06-05T00:00:00+00:00 [queued]>
[2020-06-05 03:25:08,577] {taskinstance.py:879} INFO - 
--------------------------------------------------------------------------------
[2020-06-05 03:25:08,577] {taskinstance.py:880} INFO - Starting attempt 1 of 2
[2020-06-05 03:25:08,578] {taskinstance.py:881} INFO - 
--------------------------------------------------------------------------------
[2020-06-05 03:25:08,586] {taskinstance.py:900} INFO - Executing <Task(BashOperator): print_date> on 2015-06-05T00:00:00+00:00
[2020-06-05 03:25:08,589] {standard_task_runner.py:53} INFO - Started process 13889 to run task
[2020-06-05 03:25:08,681] {logging_mixin.py:112} INFO - Running %s on host %s <TaskInstance: tutorial.print_date 2015-06-05T00:00:00+00:00 [running]> 1.0.0.0.0.0.0.0.0.0.0.0.0.0.0.0.0.0.0.0.0.0.0.0.0.0.0.0.0.0.0.0.ip6.arpa
[2020-06-05 03:25:08,705] {bash_operator.py:82} INFO - Tmp dir root location: 
 /var/folders/jk/bwh6mk3d71s4w_mb373dxcsr0000gn/T
[2020-06-05 03:25:08,707] {bash_operator.py:103} INFO - Temporary script location: /var/folders/jk/bwh6mk3d71s4w_mb373dxcsr0000gn/T/airflowtmphtqkafr_/print_dateiov_vvly
[2020-06-05 03:25:08,707] {bash_operator.py:115} INFO - Running command: date
[2020-06-05 03:25:08,715] {bash_operator.py:122} INFO - Output:
[2020-06-05 03:25:08,722] {bash_operator.py:126} INFO - Fri Jun  5 03:25:08 EDT 2020
[2020-06-05 03:25:08,723] {bash_operator.py:128} INFO - Command exited with return code 0
[2020-06-05 03:25:08,732] {taskinstance.py:1052} INFO - Marking task as SUCCESS.dag_id=tutorial, task_id=print_date, execution_date=20150605T000000, start_date=20200605T072508, end_date=20200605T072508
[2020-06-05 03:25:18,560] {logging_mixin.py:112} INFO - [2020-06-05 03:25:18,559] {local_task_job.py:103} INFO - Task exited with return code 0
[2020-06-12 09:13:31,864] {taskinstance.py:669} INFO - Dependencies all met for <TaskInstance: tutorial.print_date 2015-06-05T00:00:00+00:00 [queued]>
[2020-06-12 09:13:31,875] {taskinstance.py:669} INFO - Dependencies all met for <TaskInstance: tutorial.print_date 2015-06-05T00:00:00+00:00 [queued]>
[2020-06-12 09:13:31,875] {taskinstance.py:879} INFO - 
--------------------------------------------------------------------------------
[2020-06-12 09:13:31,875] {taskinstance.py:880} INFO - Starting attempt 1 of 2
[2020-06-12 09:13:31,875] {taskinstance.py:881} INFO - 
--------------------------------------------------------------------------------
[2020-06-12 09:13:31,886] {taskinstance.py:900} INFO - Executing <Task(BashOperator): print_date> on 2015-06-05T00:00:00+00:00
[2020-06-12 09:13:31,890] {standard_task_runner.py:53} INFO - Started process 18126 to run task
[2020-06-12 09:13:32,051] {logging_mixin.py:112} INFO - Running %s on host %s <TaskInstance: tutorial.print_date 2015-06-05T00:00:00+00:00 [running]> 1.0.0.0.0.0.0.0.0.0.0.0.0.0.0.0.0.0.0.0.0.0.0.0.0.0.0.0.0.0.0.0.ip6.arpa
[2020-06-12 09:13:32,087] {bash_operator.py:82} INFO - Tmp dir root location: 
 /var/folders/jk/bwh6mk3d71s4w_mb373dxcsr0000gn/T
[2020-06-12 09:13:32,090] {bash_operator.py:103} INFO - Temporary script location: /var/folders/jk/bwh6mk3d71s4w_mb373dxcsr0000gn/T/airflowtmp5ylq2wq2/print_dateiqmldihe
[2020-06-12 09:13:32,091] {bash_operator.py:115} INFO - Running command: date
[2020-06-12 09:13:32,100] {bash_operator.py:122} INFO - Output:
[2020-06-12 09:13:32,108] {bash_operator.py:126} INFO - Fri Jun 12 09:13:32 EDT 2020
[2020-06-12 09:13:32,109] {bash_operator.py:128} INFO - Command exited with return code 0
[2020-06-12 09:13:32,121] {taskinstance.py:1052} INFO - Marking task as SUCCESS.dag_id=tutorial, task_id=print_date, execution_date=20150605T000000, start_date=20200612T131331, end_date=20200612T131332
[2020-06-12 09:13:41,853] {logging_mixin.py:112} INFO - [2020-06-12 09:13:41,852] {local_task_job.py:103} INFO - Task exited with return code 0
