[2020-06-05 03:24:16,717] {taskinstance.py:669} INFO - Dependencies all met for <TaskInstance: tutorial.print_date 2015-06-01T00:00:00+00:00 [queued]>
[2020-06-05 03:24:16,737] {taskinstance.py:669} INFO - Dependencies all met for <TaskInstance: tutorial.print_date 2015-06-01T00:00:00+00:00 [queued]>
[2020-06-05 03:24:16,737] {taskinstance.py:879} INFO - 
--------------------------------------------------------------------------------
[2020-06-05 03:24:16,738] {taskinstance.py:880} INFO - Starting attempt 1 of 2
[2020-06-05 03:24:16,739] {taskinstance.py:881} INFO - 
--------------------------------------------------------------------------------
[2020-06-05 03:24:16,778] {taskinstance.py:900} INFO - Executing <Task(BashOperator): print_date> on 2015-06-01T00:00:00+00:00
[2020-06-05 03:24:16,781] {standard_task_runner.py:53} INFO - Started process 13829 to run task
[2020-06-05 03:24:16,899] {logging_mixin.py:112} INFO - Running %s on host %s <TaskInstance: tutorial.print_date 2015-06-01T00:00:00+00:00 [running]> 1.0.0.0.0.0.0.0.0.0.0.0.0.0.0.0.0.0.0.0.0.0.0.0.0.0.0.0.0.0.0.0.ip6.arpa
[2020-06-05 03:24:16,925] {bash_operator.py:82} INFO - Tmp dir root location: 
 /var/folders/jk/bwh6mk3d71s4w_mb373dxcsr0000gn/T
[2020-06-05 03:24:16,927] {bash_operator.py:103} INFO - Temporary script location: /var/folders/jk/bwh6mk3d71s4w_mb373dxcsr0000gn/T/airflowtmpq8lmq3uk/print_date56kplep8
[2020-06-05 03:24:16,928] {bash_operator.py:115} INFO - Running command: date
[2020-06-05 03:24:16,939] {bash_operator.py:122} INFO - Output:
[2020-06-05 03:24:16,951] {bash_operator.py:126} INFO - Fri Jun  5 03:24:16 EDT 2020
[2020-06-05 03:24:16,952] {bash_operator.py:128} INFO - Command exited with return code 0
[2020-06-05 03:24:16,962] {taskinstance.py:1052} INFO - Marking task as SUCCESS.dag_id=tutorial, task_id=print_date, execution_date=20150601T000000, start_date=20200605T072416, end_date=20200605T072416
[2020-06-05 03:24:26,708] {logging_mixin.py:112} INFO - [2020-06-05 03:24:26,707] {local_task_job.py:103} INFO - Task exited with return code 0
[2020-06-12 09:12:30,221] {taskinstance.py:669} INFO - Dependencies all met for <TaskInstance: tutorial.print_date 2015-06-01T00:00:00+00:00 [queued]>
[2020-06-12 09:12:30,233] {taskinstance.py:669} INFO - Dependencies all met for <TaskInstance: tutorial.print_date 2015-06-01T00:00:00+00:00 [queued]>
[2020-06-12 09:12:30,233] {taskinstance.py:879} INFO - 
--------------------------------------------------------------------------------
[2020-06-12 09:12:30,233] {taskinstance.py:880} INFO - Starting attempt 1 of 2
[2020-06-12 09:12:30,234] {taskinstance.py:881} INFO - 
--------------------------------------------------------------------------------
[2020-06-12 09:12:30,246] {taskinstance.py:900} INFO - Executing <Task(BashOperator): print_date> on 2015-06-01T00:00:00+00:00
[2020-06-12 09:12:30,249] {standard_task_runner.py:53} INFO - Started process 18073 to run task
[2020-06-12 09:12:30,349] {logging_mixin.py:112} INFO - Running %s on host %s <TaskInstance: tutorial.print_date 2015-06-01T00:00:00+00:00 [running]> 1.0.0.0.0.0.0.0.0.0.0.0.0.0.0.0.0.0.0.0.0.0.0.0.0.0.0.0.0.0.0.0.ip6.arpa
[2020-06-12 09:12:30,372] {bash_operator.py:82} INFO - Tmp dir root location: 
 /var/folders/jk/bwh6mk3d71s4w_mb373dxcsr0000gn/T
[2020-06-12 09:12:30,373] {bash_operator.py:103} INFO - Temporary script location: /var/folders/jk/bwh6mk3d71s4w_mb373dxcsr0000gn/T/airflowtmpywcgh_qq/print_datez_vqo22e
[2020-06-12 09:12:30,375] {bash_operator.py:115} INFO - Running command: date
[2020-06-12 09:12:30,386] {bash_operator.py:122} INFO - Output:
[2020-06-12 09:12:30,396] {bash_operator.py:126} INFO - Fri Jun 12 09:12:30 EDT 2020
[2020-06-12 09:12:30,397] {bash_operator.py:128} INFO - Command exited with return code 0
[2020-06-12 09:12:30,407] {taskinstance.py:1052} INFO - Marking task as SUCCESS.dag_id=tutorial, task_id=print_date, execution_date=20150601T000000, start_date=20200612T131230, end_date=20200612T131230
[2020-06-12 09:12:40,210] {logging_mixin.py:112} INFO - [2020-06-12 09:12:40,208] {local_task_job.py:103} INFO - Task exited with return code 0
