[2020-06-05 03:25:21,261] {taskinstance.py:669} INFO - Dependencies all met for <TaskInstance: tutorial.print_date 2015-06-06T00:00:00+00:00 [queued]>
[2020-06-05 03:25:21,270] {taskinstance.py:669} INFO - Dependencies all met for <TaskInstance: tutorial.print_date 2015-06-06T00:00:00+00:00 [queued]>
[2020-06-05 03:25:21,271] {taskinstance.py:879} INFO - 
--------------------------------------------------------------------------------
[2020-06-05 03:25:21,271] {taskinstance.py:880} INFO - Starting attempt 1 of 2
[2020-06-05 03:25:21,271] {taskinstance.py:881} INFO - 
--------------------------------------------------------------------------------
[2020-06-05 03:25:21,282] {taskinstance.py:900} INFO - Executing <Task(BashOperator): print_date> on 2015-06-06T00:00:00+00:00
[2020-06-05 03:25:21,284] {standard_task_runner.py:53} INFO - Started process 13909 to run task
[2020-06-05 03:25:21,369] {logging_mixin.py:112} INFO - Running %s on host %s <TaskInstance: tutorial.print_date 2015-06-06T00:00:00+00:00 [running]> 1.0.0.0.0.0.0.0.0.0.0.0.0.0.0.0.0.0.0.0.0.0.0.0.0.0.0.0.0.0.0.0.ip6.arpa
[2020-06-05 03:25:21,416] {bash_operator.py:82} INFO - Tmp dir root location: 
 /var/folders/jk/bwh6mk3d71s4w_mb373dxcsr0000gn/T
[2020-06-05 03:25:21,418] {bash_operator.py:103} INFO - Temporary script location: /var/folders/jk/bwh6mk3d71s4w_mb373dxcsr0000gn/T/airflowtmprtp0znvm/print_date_3tnn5yp
[2020-06-05 03:25:21,419] {bash_operator.py:115} INFO - Running command: date
[2020-06-05 03:25:21,437] {bash_operator.py:122} INFO - Output:
[2020-06-05 03:25:21,450] {bash_operator.py:126} INFO - Fri Jun  5 03:25:21 EDT 2020
[2020-06-05 03:25:21,451] {bash_operator.py:128} INFO - Command exited with return code 0
[2020-06-05 03:25:21,461] {taskinstance.py:1052} INFO - Marking task as SUCCESS.dag_id=tutorial, task_id=print_date, execution_date=20150606T000000, start_date=20200605T072521, end_date=20200605T072521
[2020-06-12 09:13:44,759] {taskinstance.py:669} INFO - Dependencies all met for <TaskInstance: tutorial.print_date 2015-06-06T00:00:00+00:00 [queued]>
[2020-06-12 09:13:44,774] {taskinstance.py:669} INFO - Dependencies all met for <TaskInstance: tutorial.print_date 2015-06-06T00:00:00+00:00 [queued]>
[2020-06-12 09:13:44,775] {taskinstance.py:879} INFO - 
--------------------------------------------------------------------------------
[2020-06-12 09:13:44,775] {taskinstance.py:880} INFO - Starting attempt 1 of 2
[2020-06-12 09:13:44,775] {taskinstance.py:881} INFO - 
--------------------------------------------------------------------------------
[2020-06-12 09:13:44,787] {taskinstance.py:900} INFO - Executing <Task(BashOperator): print_date> on 2015-06-06T00:00:00+00:00
[2020-06-12 09:13:44,791] {standard_task_runner.py:53} INFO - Started process 18135 to run task
[2020-06-12 09:13:44,902] {logging_mixin.py:112} INFO - Running %s on host %s <TaskInstance: tutorial.print_date 2015-06-06T00:00:00+00:00 [running]> 1.0.0.0.0.0.0.0.0.0.0.0.0.0.0.0.0.0.0.0.0.0.0.0.0.0.0.0.0.0.0.0.ip6.arpa
[2020-06-12 09:13:44,939] {bash_operator.py:82} INFO - Tmp dir root location: 
 /var/folders/jk/bwh6mk3d71s4w_mb373dxcsr0000gn/T
[2020-06-12 09:13:44,941] {bash_operator.py:103} INFO - Temporary script location: /var/folders/jk/bwh6mk3d71s4w_mb373dxcsr0000gn/T/airflowtmp6poh79o4/print_dateelleffw8
[2020-06-12 09:13:44,941] {bash_operator.py:115} INFO - Running command: date
[2020-06-12 09:13:44,950] {bash_operator.py:122} INFO - Output:
[2020-06-12 09:13:44,959] {bash_operator.py:126} INFO - Fri Jun 12 09:13:44 EDT 2020
[2020-06-12 09:13:44,960] {bash_operator.py:128} INFO - Command exited with return code 0
[2020-06-12 09:13:44,970] {taskinstance.py:1052} INFO - Marking task as SUCCESS.dag_id=tutorial, task_id=print_date, execution_date=20150606T000000, start_date=20200612T131344, end_date=20200612T131344
[2020-06-12 09:13:46,920] {helpers.py:325} INFO - Sending Signals.SIGTERM to GPID 18135
