[2020-06-05 01:25:45,732] {logging_mixin.py:112} INFO - Sending to executor.
[2020-06-05 01:25:45,734] {logging_mixin.py:112} INFO - [2020-06-05 01:25:45,733] {base_executor.py:58} INFO - Adding to queue: ['airflow', 'run', 'example_bash_operator', 'runme_0', '2015-01-01T00:00:00+00:00', '--local', '--pool', 'default_pool', '-sd', '/Library/Frameworks/Python.framework/Versions/3.8/lib/python3.8/site-packages/airflow/example_dags/example_bash_operator.py']
[2020-06-05 01:25:45,734] {logging_mixin.py:112} INFO - [2020-06-05 01:25:45,734] {sequential_executor.py:45} INFO - Executing command: ['airflow', 'run', 'example_bash_operator', 'runme_0', '2015-01-01T00:00:00+00:00', '--local', '--pool', 'default_pool', '-sd', '/Library/Frameworks/Python.framework/Versions/3.8/lib/python3.8/site-packages/airflow/example_dags/example_bash_operator.py']
[2020-06-05 01:25:47,958] {taskinstance.py:669} INFO - Dependencies all met for <TaskInstance: example_bash_operator.runme_0 2015-01-01T00:00:00+00:00 [None]>
[2020-06-05 01:25:47,970] {taskinstance.py:669} INFO - Dependencies all met for <TaskInstance: example_bash_operator.runme_0 2015-01-01T00:00:00+00:00 [None]>
[2020-06-05 01:25:47,971] {taskinstance.py:879} INFO - 
--------------------------------------------------------------------------------
[2020-06-05 01:25:47,971] {taskinstance.py:880} INFO - Starting attempt 1 of 1
[2020-06-05 01:25:47,971] {taskinstance.py:881} INFO - 
--------------------------------------------------------------------------------
[2020-06-05 01:25:47,984] {taskinstance.py:900} INFO - Executing <Task(BashOperator): runme_0> on 2015-01-01T00:00:00+00:00
[2020-06-05 01:25:47,987] {standard_task_runner.py:53} INFO - Started process 5994 to run task
[2020-06-05 01:25:48,105] {logging_mixin.py:112} INFO - Running %s on host %s <TaskInstance: example_bash_operator.runme_0 2015-01-01T00:00:00+00:00 [running]> 1.0.0.0.0.0.0.0.0.0.0.0.0.0.0.0.0.0.0.0.0.0.0.0.0.0.0.0.0.0.0.0.ip6.arpa
[2020-06-05 01:25:48,142] {bash_operator.py:82} INFO - Tmp dir root location: 
 /var/folders/jk/bwh6mk3d71s4w_mb373dxcsr0000gn/T
[2020-06-05 01:25:48,144] {bash_operator.py:103} INFO - Temporary script location: /var/folders/jk/bwh6mk3d71s4w_mb373dxcsr0000gn/T/airflowtmpllaavuq7/runme_0m2zu6vve
[2020-06-05 01:25:48,145] {bash_operator.py:115} INFO - Running command: echo "example_bash_operator__runme_0__20150101" && sleep 1
[2020-06-05 01:25:48,154] {bash_operator.py:122} INFO - Output:
[2020-06-05 01:25:48,165] {bash_operator.py:126} INFO - example_bash_operator__runme_0__20150101
[2020-06-05 01:25:49,171] {bash_operator.py:128} INFO - Command exited with return code 0
[2020-06-05 01:25:49,183] {taskinstance.py:1052} INFO - Marking task as SUCCESS.dag_id=example_bash_operator, task_id=runme_0, execution_date=20150101T000000, start_date=20200605T052547, end_date=20200605T052549
[2020-06-05 01:25:57,945] {logging_mixin.py:112} INFO - [2020-06-05 01:25:57,944] {local_task_job.py:103} INFO - Task exited with return code 0
[2020-06-12 09:05:52,247] {logging_mixin.py:112} INFO - Sending to executor.
[2020-06-12 09:05:52,249] {logging_mixin.py:112} INFO - [2020-06-12 09:05:52,248] {base_executor.py:58} INFO - Adding to queue: ['airflow', 'run', 'example_bash_operator', 'runme_0', '2015-01-01T00:00:00+00:00', '--local', '--pool', 'default_pool', '-sd', '/Users/owner/Library/Python/3.8/lib/python/site-packages/airflow/example_dags/example_bash_operator.py']
[2020-06-12 09:05:52,249] {logging_mixin.py:112} INFO - [2020-06-12 09:05:52,249] {sequential_executor.py:45} INFO - Executing command: ['airflow', 'run', 'example_bash_operator', 'runme_0', '2015-01-01T00:00:00+00:00', '--local', '--pool', 'default_pool', '-sd', '/Users/owner/Library/Python/3.8/lib/python/site-packages/airflow/example_dags/example_bash_operator.py']
[2020-06-12 09:05:54,895] {taskinstance.py:669} INFO - Dependencies all met for <TaskInstance: example_bash_operator.runme_0 2015-01-01T00:00:00+00:00 [None]>
[2020-06-12 09:05:54,905] {taskinstance.py:669} INFO - Dependencies all met for <TaskInstance: example_bash_operator.runme_0 2015-01-01T00:00:00+00:00 [None]>
[2020-06-12 09:05:54,905] {taskinstance.py:879} INFO - 
--------------------------------------------------------------------------------
[2020-06-12 09:05:54,905] {taskinstance.py:880} INFO - Starting attempt 1 of 1
[2020-06-12 09:05:54,905] {taskinstance.py:881} INFO - 
--------------------------------------------------------------------------------
[2020-06-12 09:05:54,916] {taskinstance.py:900} INFO - Executing <Task(BashOperator): runme_0> on 2015-01-01T00:00:00+00:00
[2020-06-12 09:05:54,919] {standard_task_runner.py:53} INFO - Started process 17755 to run task
[2020-06-12 09:05:55,030] {logging_mixin.py:112} INFO - Running %s on host %s <TaskInstance: example_bash_operator.runme_0 2015-01-01T00:00:00+00:00 [running]> 1.0.0.0.0.0.0.0.0.0.0.0.0.0.0.0.0.0.0.0.0.0.0.0.0.0.0.0.0.0.0.0.ip6.arpa
[2020-06-12 09:05:55,062] {bash_operator.py:82} INFO - Tmp dir root location: 
 /var/folders/jk/bwh6mk3d71s4w_mb373dxcsr0000gn/T
[2020-06-12 09:05:55,064] {bash_operator.py:103} INFO - Temporary script location: /var/folders/jk/bwh6mk3d71s4w_mb373dxcsr0000gn/T/airflowtmp5xhxay6m/runme_0mbx6j_t4
[2020-06-12 09:05:55,065] {bash_operator.py:115} INFO - Running command: echo "example_bash_operator__runme_0__20150101" && sleep 1
[2020-06-12 09:05:55,072] {bash_operator.py:122} INFO - Output:
[2020-06-12 09:05:55,079] {bash_operator.py:126} INFO - example_bash_operator__runme_0__20150101
[2020-06-12 09:05:56,092] {bash_operator.py:128} INFO - Command exited with return code 0
[2020-06-12 09:05:56,110] {taskinstance.py:1052} INFO - Marking task as SUCCESS.dag_id=example_bash_operator, task_id=runme_0, execution_date=20150101T000000, start_date=20200612T130554, end_date=20200612T130556
[2020-06-12 09:06:04,878] {logging_mixin.py:112} INFO - [2020-06-12 09:06:04,877] {local_task_job.py:103} INFO - Task exited with return code 0
