[2020-06-05 03:27:39,388] {taskinstance.py:669} INFO - Dependencies all met for <TaskInstance: tutorial.templated 2015-06-01T00:00:00+00:00 [queued]>
[2020-06-05 03:27:39,403] {taskinstance.py:669} INFO - Dependencies all met for <TaskInstance: tutorial.templated 2015-06-01T00:00:00+00:00 [queued]>
[2020-06-05 03:27:39,403] {taskinstance.py:879} INFO - 
--------------------------------------------------------------------------------
[2020-06-05 03:27:39,404] {taskinstance.py:880} INFO - Starting attempt 1 of 2
[2020-06-05 03:27:39,404] {taskinstance.py:881} INFO - 
--------------------------------------------------------------------------------
[2020-06-05 03:27:39,414] {taskinstance.py:900} INFO - Executing <Task(BashOperator): templated> on 2015-06-01T00:00:00+00:00
[2020-06-05 03:27:39,417] {standard_task_runner.py:53} INFO - Started process 14242 to run task
[2020-06-05 03:27:39,637] {logging_mixin.py:112} INFO - Running %s on host %s <TaskInstance: tutorial.templated 2015-06-01T00:00:00+00:00 [running]> 1.0.0.0.0.0.0.0.0.0.0.0.0.0.0.0.0.0.0.0.0.0.0.0.0.0.0.0.0.0.0.0.ip6.arpa
[2020-06-05 03:27:39,704] {bash_operator.py:82} INFO - Tmp dir root location: 
 /var/folders/jk/bwh6mk3d71s4w_mb373dxcsr0000gn/T
[2020-06-05 03:27:39,707] {bash_operator.py:103} INFO - Temporary script location: /var/folders/jk/bwh6mk3d71s4w_mb373dxcsr0000gn/T/airflowtmpk3ir4hjj/templatedtuztm_06
[2020-06-05 03:27:39,708] {bash_operator.py:115} INFO - Running command: 

    echo "2015-06-01"
    echo "2015-06-08"
    echo "Parameter I passed in"

    echo "2015-06-01"
    echo "2015-06-08"
    echo "Parameter I passed in"

    echo "2015-06-01"
    echo "2015-06-08"
    echo "Parameter I passed in"

    echo "2015-06-01"
    echo "2015-06-08"
    echo "Parameter I passed in"

    echo "2015-06-01"
    echo "2015-06-08"
    echo "Parameter I passed in"

[2020-06-05 03:27:39,761] {bash_operator.py:122} INFO - Output:
[2020-06-05 03:27:39,784] {bash_operator.py:126} INFO - 2015-06-01
[2020-06-05 03:27:39,785] {bash_operator.py:126} INFO - 2015-06-08
[2020-06-05 03:27:39,785] {bash_operator.py:126} INFO - Parameter I passed in
[2020-06-05 03:27:39,787] {bash_operator.py:126} INFO - 2015-06-01
[2020-06-05 03:27:39,790] {bash_operator.py:126} INFO - 2015-06-08
[2020-06-05 03:27:39,791] {bash_operator.py:126} INFO - Parameter I passed in
[2020-06-05 03:27:39,792] {bash_operator.py:126} INFO - 2015-06-01
[2020-06-05 03:27:39,793] {bash_operator.py:126} INFO - 2015-06-08
[2020-06-05 03:27:39,794] {bash_operator.py:126} INFO - Parameter I passed in
[2020-06-05 03:27:39,794] {bash_operator.py:126} INFO - 2015-06-01
[2020-06-05 03:27:39,800] {bash_operator.py:126} INFO - 2015-06-08
[2020-06-05 03:27:39,801] {bash_operator.py:126} INFO - Parameter I passed in
[2020-06-05 03:27:39,802] {bash_operator.py:126} INFO - 2015-06-01
[2020-06-05 03:27:39,809] {bash_operator.py:126} INFO - 2015-06-08
[2020-06-05 03:27:39,809] {bash_operator.py:126} INFO - Parameter I passed in
[2020-06-05 03:27:39,810] {bash_operator.py:128} INFO - Command exited with return code 0
[2020-06-05 03:27:39,858] {taskinstance.py:1052} INFO - Marking task as SUCCESS.dag_id=tutorial, task_id=templated, execution_date=20150601T000000, start_date=20200605T072739, end_date=20200605T072739
